[2026-03-02 14:06:44] ========== VPN 重连开始 ==========
[2026-03-02 14:06:44] 尝试 1/3...
[2026-03-02 14:06:44] 启动 FortiClient GUI...
[2026-03-02 14:06:47] ❌ FortiClient GUI 启动失败
[2026-03-02 14:06:47] 重试 1 失败：无法启动 FortiClient
[2026-03-02 14:06:57] 尝试 2/3...
[2026-03-02 14:06:57] 启动 FortiClient GUI...
[2026-03-02 14:07:00] ❌ FortiClient GUI 启动失败
[2026-03-02 14:07:00] 重试 2 失败：无法启动 FortiClient
[2026-03-02 14:07:10] 尝试 3/3...
[2026-03-02 14:07:10] 启动 FortiClient GUI...
[2026-03-02 14:07:13] ❌ FortiClient GUI 启动失败
[2026-03-02 14:07:13] 重试 3 失败：无法启动 FortiClient
[2026-03-02 14:07:23] ❌ VPN 重连失败（已尝试 3 次）
[2026-03-02 14:07:23] ========== VPN 重连失败 ==========
[2026-03-02 14:08:23] ========== VPN 重连开始 ==========
[2026-03-02 14:08:23] 尝试 1/3...
[2026-03-02 14:08:23] 启动 FortiClient GUI...
[2026-03-02 14:08:26] ❌ FortiClient GUI 启动失败
[2026-03-02 14:08:26] 重试 1 失败：无法启动 FortiClient
[2026-03-02 14:08:36] 尝试 2/3...
[2026-03-02 14:08:36] 启动 FortiClient GUI...
[2026-03-02 14:08:39] ❌ FortiClient GUI 启动失败
[2026-03-02 14:08:39] 重试 2 失败：无法启动 FortiClient
[2026-03-02 14:08:49] 尝试 3/3...
[2026-03-02 14:08:49] 启动 FortiClient GUI...
[2026-03-02 14:08:52] ❌ FortiClient GUI 启动失败
[2026-03-02 14:08:52] 重试 3 失败：无法启动 FortiClient
[2026-03-02 14:09:02] ❌ VPN 重连失败（已尝试 3 次）
[2026-03-02 14:09:02] ========== VPN 重连失败 ==========
[2026-03-02 14:10:03] ========== VPN 重连开始 ==========
[2026-03-02 14:10:03] 尝试 1/3...
[2026-03-02 14:10:03] 启动 FortiClient GUI...
[2026-03-02 14:10:06] ❌ FortiClient GUI 启动失败
[2026-03-02 14:10:06] 重试 1 失败：无法启动 FortiClient
[2026-03-02 14:10:16] 尝试 2/3...
[2026-03-02 14:10:16] 启动 FortiClient GUI...
[2026-03-02 14:10:19] ❌ FortiClient GUI 启动失败
[2026-03-02 14:10:19] 重试 2 失败：无法启动 FortiClient
[2026-03-02 14:10:29] 尝试 3/3...
[2026-03-02 14:10:29] 启动 FortiClient GUI...
[2026-03-02 14:10:32] ❌ FortiClient GUI 启动失败
[2026-03-02 14:10:32] 重试 3 失败：无法启动 FortiClient
[2026-03-03 11:21:30] ========== VPN 重连开始 ==========
[2026-03-03 11:21:30] 尝试 1/3...
[2026-03-03 11:21:30] 启动 FortiClient GUI...
[2026-03-03 11:21:30] FortiClient 已在运行，先关闭...
[2026-03-03 11:21:35] ❌ FortiClient GUI 启动失败
[2026-03-03 11:21:35] 重试 1 失败：无法启动 FortiClient
[2026-03-03 11:21:45] 尝试 2/3...
[2026-03-03 11:21:45] 启动 FortiClient GUI...
[2026-03-03 11:21:48] ❌ FortiClient GUI 启动失败
[2026-03-03 11:21:48] 重试 2 失败：无法启动 FortiClient
[2026-03-03 11:21:58] 尝试 3/3...
[2026-03-03 11:21:58] 启动 FortiClient GUI...
[2026-03-03 11:22:01] ❌ FortiClient GUI 启动失败
[2026-03-03 11:22:01] 重试 3 失败：无法启动 FortiClient
[2026-03-03 11:22:11] ❌ VPN 重连失败（已尝试 3 次）
[2026-03-03 11:22:11] ========== VPN 重连失败 ==========
[2026-03-03 11:23:11] ========== VPN 重连开始 ==========
[2026-03-03 11:23:11] 尝试 1/3...
[2026-03-03 11:23:11] 启动 FortiClient GUI...
[2026-03-03 11:23:14] ❌ FortiClient GUI 启动失败
[2026-03-03 11:23:14] 重试 1 失败：无法启动 FortiClient
[2026-03-03 11:23:24] 尝试 2/3...
[2026-03-03 11:23:24] 启动 FortiClient GUI...
[2026-03-03 11:23:27] ❌ FortiClient GUI 启动失败
[2026-03-03 11:23:27] 重试 2 失败：无法启动 FortiClient
[2026-03-03 11:23:37] 尝试 3/3...
[2026-03-03 11:23:37] 启动 FortiClient GUI...
[2026-03-03 11:23:40] ❌ FortiClient GUI 启动失败
[2026-03-03 11:23:40] 重试 3 失败：无法启动 FortiClient
[2026-03-03 11:23:50] ❌ VPN 重连失败（已尝试 3 次）
[2026-03-03 11:23:50] ========== VPN 重连失败 ==========
[2026-03-03 12:52:55] ========== VPN 重连开始 ==========
[2026-03-03 12:52:55] 尝试 1/3...
[2026-03-03 12:52:55] 启动 FortiClient GUI...
[2026-03-03 12:52:55] FortiClient 已在运行，先关闭...
[2026-03-03 12:53:00] ❌ FortiClient GUI 启动失败
[2026-03-03 12:53:00] 重试 1 失败：无法启动 FortiClient
[2026-03-03 12:53:10] 尝试 2/3...
[2026-03-03 12:53:10] 启动 FortiClient GUI...
[2026-03-03 12:53:10] FortiClient 已在运行，先关闭...
[2026-03-03 12:53:15] ❌ FortiClient GUI 启动失败
[2026-03-03 12:53:15] 重试 2 失败：无法启动 FortiClient
[2026-03-03 12:53:25] 尝试 3/3...
[2026-03-03 12:53:25] 启动 FortiClient GUI...
[2026-03-03 12:53:28] ❌ FortiClient GUI 启动失败
[2026-03-03 12:53:28] 重试 3 失败：无法启动 FortiClient
[2026-03-03 12:53:38] ❌ VPN 重连失败（已尝试 3 次）
[2026-03-03 12:53:38] ========== VPN 重连失败 ==========
[2026-03-03 12:54:38] ========== VPN 重连开始 ==========
[2026-03-03 12:54:38] 尝试 1/3...
[2026-03-03 12:54:38] 启动 FortiClient GUI...
[2026-03-03 12:54:41] ❌ FortiClient GUI 启动失败
[2026-03-03 12:54:41] 重试 1 失败：无法启动 FortiClient
[2026-03-03 12:54:51] 尝试 2/3...
[2026-03-03 12:54:51] 启动 FortiClient GUI...
[2026-03-03 12:54:54] ❌ FortiClient GUI 启动失败
[2026-03-03 12:54:54] 重试 2 失败：无法启动 FortiClient
[2026-03-03 12:55:04] 尝试 3/3...
[2026-03-03 12:55:04] 启动 FortiClient GUI...
[2026-03-03 12:55:04] FortiClient 已在运行，先关闭...
[2026-03-03 12:55:09] ❌ FortiClient GUI 启动失败
[2026-03-03 12:55:09] 重试 3 失败：无法启动 FortiClient
[2026-03-03 12:55:19] ❌ VPN 重连失败（已尝试 3 次）
[2026-03-03 12:55:19] ========== VPN 重连失败 ==========
[2026-03-03 12:56:19] ========== VPN 重连开始 ==========
[2026-03-03 12:56:19] 尝试 1/3...
[2026-03-03 12:56:19] 启动 FortiClient GUI...
[2026-03-03 12:56:19] FortiClient 已在运行，先关闭...
[2026-03-03 12:56:25] ❌ FortiClient GUI 启动失败
[2026-03-03 12:56:25] 重试 1 失败：无法启动 FortiClient
[2026-03-03 12:56:35] 尝试 2/3...
[2026-03-03 12:56:35] 启动 FortiClient GUI...
[2026-03-03 12:56:38] ❌ FortiClient GUI 启动失败
[2026-03-03 12:56:38] 重试 2 失败：无法启动 FortiClient
[2026-03-03 12:56:48] 尝试 3/3...
[2026-03-03 12:56:48] 启动 FortiClient GUI...
[2026-03-03 12:56:48] FortiClient 已在运行，先关闭...
[2026-03-03 12:56:53] ✅ FortiClient GUI 已启动
[2026-03-03 12:56:53] 触发 VPN 连接（Playwright 自动化）...
[INFO] 启动 Playwright 自动登录...
[INFO] 访问 VPN SAML 登录页面...
[INFO] 等待 Microsoft 登录页面...
[ERROR] ❌ 自动登录失败: page.waitForSelector: Timeout 15000ms exceeded.
Call log:
  - waiting for locator('#i0116') to be visible

[2026-03-03 12:57:11] 重试 3 失败：自动登录失败
[2026-03-03 12:57:21] ❌ VPN 重连失败（已尝试 3 次）
[2026-03-03 12:57:21] ========== VPN 重连失败 ==========
[2026-03-03 13:30:23] ========== VPN 重连开始 ==========
[2026-03-03 13:30:23] 尝试 1/3...
[2026-03-03 13:30:23] 启动 FortiClient GUI...
[2026-03-03 13:30:23] FortiClient 已在运行，先关闭...
[2026-03-03 13:30:28] ❌ FortiClient GUI 启动失败
[2026-03-03 13:30:28] 重试 1 失败：无法启动 FortiClient
[2026-03-03 13:30:38] 尝试 2/3...
[2026-03-03 13:30:38] 启动 FortiClient GUI...
[2026-03-03 13:30:38] FortiClient 已在运行，先关闭...
[2026-03-03 13:30:43] ❌ FortiClient GUI 启动失败
[2026-03-03 13:30:43] 重试 2 失败：无法启动 FortiClient
[2026-03-03 13:30:53] 尝试 3/3...
[2026-03-03 13:30:53] 启动 FortiClient GUI...
[2026-03-03 13:30:56] ❌ FortiClient GUI 启动失败
[2026-03-03 13:30:56] 重试 3 失败：无法启动 FortiClient
[2026-03-03 13:31:06] ❌ VPN 重连失败（已尝试 3 次）
[2026-03-03 13:31:06] ========== VPN 重连失败 ==========
[2026-03-03 13:32:06] ========== VPN 重连开始 ==========
[2026-03-03 13:32:06] 尝试 1/3...
[2026-03-03 13:32:06] 启动 FortiClient GUI...
[2026-03-03 13:32:09] ❌ FortiClient GUI 启动失败
[2026-03-03 13:32:09] 重试 1 失败：无法启动 FortiClient
[2026-03-03 13:32:19] 尝试 2/3...
[2026-03-03 13:32:19] 启动 FortiClient GUI...
[2026-03-03 13:32:22] ❌ FortiClient GUI 启动失败
[2026-03-03 13:32:22] 重试 2 失败：无法启动 FortiClient
[2026-03-03 13:32:32] 尝试 3/3...
[2026-03-03 13:32:32] 启动 FortiClient GUI...
[2026-03-03 13:32:35] ❌ FortiClient GUI 启动失败
[2026-03-03 13:32:35] 重试 3 失败：无法启动 FortiClient
[2026-03-03 13:32:45] ❌ VPN 重连失败（已尝试 3 次）
[2026-03-03 13:32:45] ========== VPN 重连失败 ==========
[2026-03-03 13:33:45] ========== VPN 重连开始 ==========
[2026-03-03 13:33:45] 尝试 1/3...
[2026-03-03 13:33:45] 启动 FortiClient GUI...
[2026-03-03 13:33:48] ❌ FortiClient GUI 启动失败
[2026-03-03 13:33:48] 重试 1 失败：无法启动 FortiClient
[2026-03-03 13:33:58] 尝试 2/3...
[2026-03-03 13:33:58] 启动 FortiClient GUI...
[2026-03-03 13:34:01] ❌ FortiClient GUI 启动失败
[2026-03-03 13:34:01] 重试 2 失败：无法启动 FortiClient
[2026-03-03 13:34:11] 尝试 3/3...
[2026-03-03 13:34:11] 启动 FortiClient GUI...
[2026-03-03 13:34:14] ❌ FortiClient GUI 启动失败
[2026-03-03 13:34:14] 重试 3 失败：无法启动 FortiClient
[2026-03-03 13:34:24] ❌ VPN 重连失败（已尝试 3 次）
[2026-03-03 13:34:24] ========== VPN 重连失败 ==========
[2026-03-03 13:35:25] ========== VPN 重连开始 ==========
[2026-03-03 13:35:25] 尝试 1/3...
[2026-03-03 13:35:25] 启动 FortiClient GUI...
[2026-03-03 13:35:28] ❌ FortiClient GUI 启动失败
[2026-03-03 13:35:28] 重试 1 失败：无法启动 FortiClient
[2026-03-03 13:35:38] 尝试 2/3...
[2026-03-03 13:35:38] 启动 FortiClient GUI...
[2026-03-03 13:35:41] ❌ FortiClient GUI 启动失败
[2026-03-03 13:35:41] 重试 2 失败：无法启动 FortiClient
[2026-03-03 13:35:51] 尝试 3/3...
[2026-03-03 13:35:51] 启动 FortiClient GUI...
[2026-03-03 13:35:54] ❌ FortiClient GUI 启动失败
[2026-03-03 13:35:54] 重试 3 失败：无法启动 FortiClient
[2026-03-03 13:36:04] ❌ VPN 重连失败（已尝试 3 次）
[2026-03-03 13:36:04] ========== VPN 重连失败 ==========
[2026-03-03 13:37:04] ========== VPN 重连开始 ==========
[2026-03-03 13:37:04] 尝试 1/3...
[2026-03-03 13:37:04] 启动 FortiClient GUI...
[2026-03-03 13:37:07] ❌ FortiClient GUI 启动失败
[2026-03-03 13:37:07] 重试 1 失败：无法启动 FortiClient
[2026-03-03 13:37:17] 尝试 2/3...
[2026-03-03 13:37:17] 启动 FortiClient GUI...
[2026-03-03 13:37:20] ❌ FortiClient GUI 启动失败
[2026-03-03 13:37:20] 重试 2 失败：无法启动 FortiClient
[2026-03-03 13:37:30] 尝试 3/3...
[2026-03-03 13:37:30] 启动 FortiClient GUI...
[2026-03-03 13:37:33] ❌ FortiClient GUI 启动失败
[2026-03-03 13:37:33] 重试 3 失败：无法启动 FortiClient
[2026-03-03 13:37:43] ❌ VPN 重连失败（已尝试 3 次）
[2026-03-03 13:37:43] ========== VPN 重连失败 ==========
[2026-03-03 13:38:43] ========== VPN 重连开始 ==========
[2026-03-03 13:38:43] 尝试 1/3...
[2026-03-03 13:38:43] 启动 FortiClient GUI...
[2026-03-03 13:38:46] ❌ FortiClient GUI 启动失败
[2026-03-03 13:38:46] 重试 1 失败：无法启动 FortiClient
[2026-03-03 13:38:56] 尝试 2/3...
[2026-03-03 13:38:56] 启动 FortiClient GUI...
[2026-03-03 13:38:59] ❌ FortiClient GUI 启动失败
[2026-03-03 13:38:59] 重试 2 失败：无法启动 FortiClient
[2026-03-03 13:39:09] 尝试 3/3...
[2026-03-03 13:39:09] 启动 FortiClient GUI...
[2026-03-03 13:39:12] ❌ FortiClient GUI 启动失败
[2026-03-03 13:39:12] 重试 3 失败：无法启动 FortiClient
[2026-03-03 13:39:22] ❌ VPN 重连失败（已尝试 3 次）
[2026-03-03 13:39:22] ========== VPN 重连失败 ==========
[2026-03-03 13:53:23] ========== VPN 重连开始 ==========
[2026-03-03 13:53:23] 尝试 1/3...
[2026-03-03 13:53:23] 启动 FortiClient GUI...
[2026-03-03 13:53:23] FortiClient 已在运行，先关闭...
[2026-03-03 13:53:28] ❌ FortiClient GUI 启动失败
[2026-03-03 13:53:28] 重试 1 失败：无法启动 FortiClient
[2026-03-03 13:53:38] 尝试 2/3...
[2026-03-03 13:53:38] 启动 FortiClient GUI...
[2026-03-03 13:53:41] ❌ FortiClient GUI 启动失败
[2026-03-03 13:53:41] 重试 2 失败：无法启动 FortiClient
[2026-03-03 13:53:51] 尝试 3/3...
[2026-03-03 13:53:51] 启动 FortiClient GUI...
[2026-03-03 13:53:54] ❌ FortiClient GUI 启动失败
[2026-03-03 13:53:54] 重试 3 失败：无法启动 FortiClient
[2026-03-03 13:54:04] ❌ VPN 重连失败（已尝试 3 次）
[2026-03-03 13:54:04] ========== VPN 重连失败 ==========
[2026-03-03 13:55:04] ========== VPN 重连开始 ==========
[2026-03-03 13:55:04] 尝试 1/3...
[2026-03-03 13:55:04] 启动 FortiClient GUI...
[2026-03-03 13:55:07] ❌ FortiClient GUI 启动失败
[2026-03-03 13:55:07] 重试 1 失败：无法启动 FortiClient
[2026-03-03 13:55:17] 尝试 2/3...
[2026-03-03 13:55:17] 启动 FortiClient GUI...
[2026-03-03 13:55:20] ❌ FortiClient GUI 启动失败
[2026-03-03 13:55:20] 重试 2 失败：无法启动 FortiClient
[2026-03-03 13:55:30] 尝试 3/3...
[2026-03-03 13:55:30] 启动 FortiClient GUI...
[2026-03-03 13:55:33] ❌ FortiClient GUI 启动失败
[2026-03-03 13:55:33] 重试 3 失败：无法启动 FortiClient
[2026-03-03 13:55:43] ❌ VPN 重连失败（已尝试 3 次）
[2026-03-03 13:55:43] ========== VPN 重连失败 ==========
[2026-03-03 13:56:43] ========== VPN 重连开始 ==========
[2026-03-03 13:56:43] 尝试 1/3...
[2026-03-03 13:56:43] 启动 FortiClient GUI...
[2026-03-03 13:56:46] ❌ FortiClient GUI 启动失败
[2026-03-03 13:56:46] 重试 1 失败：无法启动 FortiClient
[2026-03-03 13:56:56] 尝试 2/3...
[2026-03-03 13:56:56] 启动 FortiClient GUI...
[2026-03-03 13:56:59] ❌ FortiClient GUI 启动失败
[2026-03-03 13:56:59] 重试 2 失败：无法启动 FortiClient
[2026-03-03 13:57:09] 尝试 3/3...
[2026-03-03 13:57:09] 启动 FortiClient GUI...
[2026-03-03 13:57:13] ❌ FortiClient GUI 启动失败
[2026-03-03 13:57:13] 重试 3 失败：无法启动 FortiClient
[2026-03-03 13:57:23] ❌ VPN 重连失败（已尝试 3 次）
[2026-03-03 13:57:23] ========== VPN 重连失败 ==========
[2026-03-03 13:58:23] ========== VPN 重连开始 ==========
[2026-03-03 13:58:23] 尝试 1/3...
[2026-03-03 13:58:23] 启动 FortiClient GUI...
[2026-03-03 13:58:26] ❌ FortiClient GUI 启动失败
[2026-03-03 13:58:26] 重试 1 失败：无法启动 FortiClient
[2026-03-03 13:58:36] 尝试 2/3...
[2026-03-03 13:58:36] 启动 FortiClient GUI...
[2026-03-03 13:58:39] ❌ FortiClient GUI 启动失败
[2026-03-03 13:58:39] 重试 2 失败：无法启动 FortiClient
[2026-03-03 13:58:49] 尝试 3/3...
[2026-03-03 13:58:49] 启动 FortiClient GUI...
[2026-03-03 13:58:52] ❌ FortiClient GUI 启动失败
[2026-03-03 13:58:52] 重试 3 失败：无法启动 FortiClient
[2026-03-03 13:59:02] ❌ VPN 重连失败（已尝试 3 次）
[2026-03-03 13:59:02] ========== VPN 重连失败 ==========
[2026-03-03 14:00:02] ========== VPN 重连开始 ==========
[2026-03-03 14:00:02] 尝试 1/3...
[2026-03-03 14:00:02] 启动 FortiClient GUI...
[2026-03-03 14:00:02] FortiClient 已在运行，先关闭...
[2026-03-03 14:00:07] ❌ FortiClient GUI 启动失败
[2026-03-03 14:00:07] 重试 1 失败：无法启动 FortiClient
[2026-03-03 14:00:17] 尝试 2/3...
[2026-03-03 14:00:17] 启动 FortiClient GUI...
[2026-03-03 14:00:20] ❌ FortiClient GUI 启动失败
[2026-03-03 14:00:20] 重试 2 失败：无法启动 FortiClient
[2026-03-03 14:00:30] 尝试 3/3...
[2026-03-03 14:00:30] 启动 FortiClient GUI...
[2026-03-03 14:00:33] ❌ FortiClient GUI 启动失败
[2026-03-03 14:00:33] 重试 3 失败：无法启动 FortiClient
[2026-03-03 14:00:43] ❌ VPN 重连失败（已尝试 3 次）
[2026-03-03 14:00:43] ========== VPN 重连失败 ==========
[2026-03-03 14:01:43] ========== VPN 重连开始 ==========
[2026-03-03 14:01:43] 尝试 1/3...
[2026-03-03 14:01:43] 启动 FortiClient GUI...
[2026-03-03 14:01:43] FortiClient 已在运行，先关闭...
[2026-03-03 14:01:48] ❌ FortiClient GUI 启动失败
[2026-03-03 14:01:48] 重试 1 失败：无法启动 FortiClient
[2026-03-03 14:01:58] 尝试 2/3...
[2026-03-03 14:01:58] 启动 FortiClient GUI...
[2026-03-03 14:02:01] ❌ FortiClient GUI 启动失败
[2026-03-03 14:02:01] 重试 2 失败：无法启动 FortiClient
[2026-03-03 14:02:11] 尝试 3/3...
[2026-03-03 14:02:11] 启动 FortiClient GUI...
[2026-03-03 14:02:14] ❌ FortiClient GUI 启动失败
[2026-03-03 14:02:14] 重试 3 失败：无法启动 FortiClient
[2026-03-03 14:02:24] ❌ VPN 重连失败（已尝试 3 次）
[2026-03-03 14:02:24] ========== VPN 重连失败 ==========
[2026-03-03 14:03:24] ========== VPN 重连开始 ==========
[2026-03-03 14:03:24] 尝试 1/3...
[2026-03-03 14:03:24] 启动 FortiClient GUI...
[2026-03-03 14:03:27] ❌ FortiClient GUI 启动失败
[2026-03-03 14:03:27] 重试 1 失败：无法启动 FortiClient
[2026-03-03 14:03:37] 尝试 2/3...
[2026-03-03 14:03:37] 启动 FortiClient GUI...
[2026-03-03 14:03:40] ❌ FortiClient GUI 启动失败
[2026-03-03 14:03:40] 重试 2 失败：无法启动 FortiClient
[2026-03-03 14:03:50] 尝试 3/3...
[2026-03-03 14:03:50] 启动 FortiClient GUI...
[2026-03-03 14:03:54] ❌ FortiClient GUI 启动失败
[2026-03-03 14:03:54] 重试 3 失败：无法启动 FortiClient
[2026-03-03 14:04:04] ❌ VPN 重连失败（已尝试 3 次）
[2026-03-03 14:04:04] ========== VPN 重连失败 ==========
[2026-03-03 14:05:04] ========== VPN 重连开始 ==========
[2026-03-03 14:05:04] 尝试 1/3...
[2026-03-03 14:05:04] 启动 FortiClient GUI...
[2026-03-03 14:05:04] FortiClient 已在运行，先关闭...
[2026-03-03 14:05:09] ❌ FortiClient GUI 启动失败
[2026-03-03 14:05:09] 重试 1 失败：无法启动 FortiClient
[2026-03-03 14:05:19] 尝试 2/3...
[2026-03-03 14:05:19] 启动 FortiClient GUI...
[2026-03-03 14:05:22] ❌ FortiClient GUI 启动失败
[2026-03-03 14:05:22] 重试 2 失败：无法启动 FortiClient
[2026-03-03 14:05:32] 尝试 3/3...
[2026-03-03 14:05:32] 启动 FortiClient GUI...
[2026-03-03 14:05:35] ❌ FortiClient GUI 启动失败
[2026-03-03 14:05:35] 重试 3 失败：无法启动 FortiClient
[2026-03-03 14:05:45] ❌ VPN 重连失败（已尝试 3 次）
[2026-03-03 14:05:45] ========== VPN 重连失败 ==========
[2026-03-03 14:06:45] ========== VPN 重连开始 ==========
[2026-03-03 14:06:45] 尝试 1/3...
[2026-03-03 14:06:45] 启动 FortiClient GUI...
[2026-03-03 14:06:48] ❌ FortiClient GUI 启动失败
[2026-03-03 14:06:48] 重试 1 失败：无法启动 FortiClient
[2026-03-03 14:06:58] 尝试 2/3...
[2026-03-03 14:06:58] 启动 FortiClient GUI...
[2026-03-03 14:07:01] ❌ FortiClient GUI 启动失败
[2026-03-03 14:07:01] 重试 2 失败：无法启动 FortiClient
[2026-03-03 14:07:11] 尝试 3/3...
[2026-03-03 14:07:11] 启动 FortiClient GUI...
[2026-03-03 14:07:14] ❌ FortiClient GUI 启动失败
[2026-03-03 14:07:14] 重试 3 失败：无法启动 FortiClient
[2026-03-03 14:07:24] ❌ VPN 重连失败（已尝试 3 次）
[2026-03-03 14:07:24] ========== VPN 重连失败 ==========
[2026-03-03 14:08:24] ========== VPN 重连开始 ==========
[2026-03-03 14:08:24] 尝试 1/3...
[2026-03-03 14:08:24] 启动 FortiClient GUI...
[2026-03-03 14:08:27] ❌ FortiClient GUI 启动失败
[2026-03-03 14:08:27] 重试 1 失败：无法启动 FortiClient
[2026-03-03 14:08:37] 尝试 2/3...
[2026-03-03 14:08:37] 启动 FortiClient GUI...
[2026-03-03 14:08:40] ❌ FortiClient GUI 启动失败
[2026-03-03 14:08:40] 重试 2 失败：无法启动 FortiClient
[2026-03-03 14:08:50] 尝试 3/3...
[2026-03-03 14:08:50] 启动 FortiClient GUI...
[2026-03-03 14:08:53] ❌ FortiClient GUI 启动失败
[2026-03-03 14:08:53] 重试 3 失败：无法启动 FortiClient
[2026-03-03 14:09:03] ❌ VPN 重连失败（已尝试 3 次）
[2026-03-03 14:09:03] ========== VPN 重连失败 ==========
[2026-03-03 14:10:03] ========== VPN 重连开始 ==========
[2026-03-03 14:10:03] 尝试 1/3...
[2026-03-03 14:10:03] 启动 FortiClient GUI...
[2026-03-03 14:10:06] ❌ FortiClient GUI 启动失败
[2026-03-03 14:10:06] 重试 1 失败：无法启动 FortiClient
[2026-03-03 14:10:16] 尝试 2/3...
[2026-03-03 14:10:16] 启动 FortiClient GUI...
[2026-03-03 14:10:19] ❌ FortiClient GUI 启动失败
[2026-03-03 14:10:19] 重试 2 失败：无法启动 FortiClient
[2026-03-03 14:10:29] 尝试 3/3...
[2026-03-03 14:10:29] 启动 FortiClient GUI...
[2026-03-03 14:10:29] FortiClient 已在运行，先关闭...
[2026-03-03 14:10:34] ❌ FortiClient GUI 启动失败
[2026-03-03 14:10:34] 重试 3 失败：无法启动 FortiClient
[2026-03-03 14:10:44] ❌ VPN 重连失败（已尝试 3 次）
[2026-03-03 14:10:44] ========== VPN 重连失败 ==========
[2026-03-03 14:11:44] ========== VPN 重连开始 ==========
[2026-03-03 14:11:44] 尝试 1/3...
[2026-03-03 14:11:44] 启动 FortiClient GUI...
[2026-03-03 14:11:47] ❌ FortiClient GUI 启动失败
[2026-03-03 14:11:47] 重试 1 失败：无法启动 FortiClient
[2026-03-03 14:11:57] 尝试 2/3...
[2026-03-03 14:11:57] 启动 FortiClient GUI...
[2026-03-03 14:12:00] ❌ FortiClient GUI 启动失败
[2026-03-03 14:12:00] 重试 2 失败：无法启动 FortiClient
[2026-03-03 14:12:10] 尝试 3/3...
[2026-03-03 14:12:10] 启动 FortiClient GUI...
[2026-03-03 14:12:14] ❌ FortiClient GUI 启动失败
[2026-03-03 14:12:14] 重试 3 失败：无法启动 FortiClient
[2026-03-03 14:12:24] ❌ VPN 重连失败（已尝试 3 次）
[2026-03-03 14:12:24] ========== VPN 重连失败 ==========
[2026-03-03 14:13:24] ========== VPN 重连开始 ==========
[2026-03-03 14:13:24] 尝试 1/3...
[2026-03-03 14:13:24] 启动 FortiClient GUI...
[2026-03-03 14:13:24] FortiClient 已在运行，先关闭...
[2026-03-03 14:13:29] ❌ FortiClient GUI 启动失败
[2026-03-03 14:13:29] 重试 1 失败：无法启动 FortiClient
[2026-03-03 14:13:39] 尝试 2/3...
[2026-03-03 14:13:39] 启动 FortiClient GUI...
[2026-03-03 14:13:42] ❌ FortiClient GUI 启动失败
[2026-03-03 14:13:42] 重试 2 失败：无法启动 FortiClient
[2026-03-03 14:13:52] 尝试 3/3...
[2026-03-03 14:13:52] 启动 FortiClient GUI...
[2026-03-03 14:13:55] ❌ FortiClient GUI 启动失败
[2026-03-03 14:13:55] 重试 3 失败：无法启动 FortiClient
[2026-03-03 14:14:05] ❌ VPN 重连失败（已尝试 3 次）
[2026-03-03 14:14:05] ========== VPN 重连失败 ==========
[2026-03-03 14:15:05] ========== VPN 重连开始 ==========
[2026-03-03 14:15:05] 尝试 1/3...
[2026-03-03 14:15:05] 启动 FortiClient GUI...
[2026-03-03 14:15:08] ❌ FortiClient GUI 启动失败
[2026-03-03 14:15:08] 重试 1 失败：无法启动 FortiClient
[2026-03-03 14:15:18] 尝试 2/3...
[2026-03-03 14:15:18] 启动 FortiClient GUI...
[2026-03-03 14:15:21] ❌ FortiClient GUI 启动失败
[2026-03-03 14:15:21] 重试 2 失败：无法启动 FortiClient
[2026-03-03 14:15:31] 尝试 3/3...
[2026-03-03 14:15:31] 启动 FortiClient GUI...
[2026-03-03 14:15:31] FortiClient 已在运行，先关闭...
[2026-03-03 14:15:36] ❌ FortiClient GUI 启动失败
[2026-03-03 14:15:36] 重试 3 失败：无法启动 FortiClient
[2026-03-03 14:15:46] ❌ VPN 重连失败（已尝试 3 次）
[2026-03-03 14:15:46] ========== VPN 重连失败 ==========
[2026-03-03 14:16:46] ========== VPN 重连开始 ==========
[2026-03-03 14:16:46] 尝试 1/3...
[2026-03-03 14:16:46] 启动 FortiClient GUI...
[2026-03-03 14:16:49] ❌ FortiClient GUI 启动失败
[2026-03-03 14:16:49] 重试 1 失败：无法启动 FortiClient
[2026-03-03 14:16:59] 尝试 2/3...
[2026-03-03 14:16:59] 启动 FortiClient GUI...
[2026-03-03 14:17:02] ❌ FortiClient GUI 启动失败
[2026-03-03 14:17:02] 重试 2 失败：无法启动 FortiClient
[2026-03-03 14:17:12] 尝试 3/3...
[2026-03-03 14:17:12] 启动 FortiClient GUI...
[2026-03-03 14:17:15] ❌ FortiClient GUI 启动失败
[2026-03-03 14:17:15] 重试 3 失败：无法启动 FortiClient
[2026-03-03 14:17:25] ❌ VPN 重连失败（已尝试 3 次）
[2026-03-03 14:17:25] ========== VPN 重连失败 ==========
[2026-03-03 14:18:25] ========== VPN 重连开始 ==========
[2026-03-03 14:18:25] 尝试 1/3...
[2026-03-03 14:18:25] 启动 FortiClient GUI...
[2026-03-03 14:18:25] FortiClient 已在运行，先关闭...
[2026-03-03 14:18:30] ❌ FortiClient GUI 启动失败
[2026-03-03 14:18:30] 重试 1 失败：无法启动 FortiClient
[2026-03-03 14:18:40] 尝试 2/3...
[2026-03-03 14:18:40] 启动 FortiClient GUI...
[2026-03-03 14:18:43] ❌ FortiClient GUI 启动失败
[2026-03-03 14:18:43] 重试 2 失败：无法启动 FortiClient
[2026-03-03 14:18:53] 尝试 3/3...
[2026-03-03 14:18:53] 启动 FortiClient GUI...
[2026-03-03 14:18:56] ❌ FortiClient GUI 启动失败
[2026-03-03 14:18:56] 重试 3 失败：无法启动 FortiClient
[2026-03-03 14:19:06] ❌ VPN 重连失败（已尝试 3 次）
[2026-03-03 14:19:06] ========== VPN 重连失败 ==========
[2026-03-03 14:20:06] ========== VPN 重连开始 ==========
[2026-03-03 14:20:06] 尝试 1/3...
[2026-03-03 14:20:06] 启动 FortiClient GUI...
[2026-03-03 14:20:10] ❌ FortiClient GUI 启动失败
[2026-03-03 14:20:10] 重试 1 失败：无法启动 FortiClient
[2026-03-03 14:20:20] 尝试 2/3...
[2026-03-03 14:20:20] 启动 FortiClient GUI...
[2026-03-03 14:20:23] ❌ FortiClient GUI 启动失败
[2026-03-03 14:20:23] 重试 2 失败：无法启动 FortiClient
[2026-03-03 14:20:33] 尝试 3/3...
[2026-03-03 14:20:33] 启动 FortiClient GUI...
[2026-03-03 14:20:33] FortiClient 已在运行，先关闭...
[2026-03-03 14:20:38] ❌ FortiClient GUI 启动失败
[2026-03-03 14:20:38] 重试 3 失败：无法启动 FortiClient
[2026-03-03 14:20:48] ❌ VPN 重连失败（已尝试 3 次）
[2026-03-03 14:20:48] ========== VPN 重连失败 ==========
[2026-03-03 14:21:48] ========== VPN 重连开始 ==========
[2026-03-03 14:21:48] 尝试 1/3...
[2026-03-03 14:21:48] 启动 FortiClient GUI...
[2026-03-03 14:21:51] ❌ FortiClient GUI 启动失败
[2026-03-03 14:21:51] 重试 1 失败：无法启动 FortiClient
[2026-03-03 14:22:01] 尝试 2/3...
[2026-03-03 14:22:01] 启动 FortiClient GUI...
[2026-03-03 14:22:04] ❌ FortiClient GUI 启动失败
[2026-03-03 14:22:04] 重试 2 失败：无法启动 FortiClient
[2026-03-03 14:22:14] 尝试 3/3...
[2026-03-03 14:22:14] 启动 FortiClient GUI...
[2026-03-03 14:22:17] ❌ FortiClient GUI 启动失败
[2026-03-03 14:22:17] 重试 3 失败：无法启动 FortiClient
[2026-03-03 14:22:27] ❌ VPN 重连失败（已尝试 3 次）
[2026-03-03 14:22:27] ========== VPN 重连失败 ==========
[2026-03-03 14:23:27] ========== VPN 重连开始 ==========
[2026-03-03 14:23:27] 尝试 1/3...
[2026-03-03 14:23:27] 启动 FortiClient GUI...
[2026-03-03 14:23:30] ❌ FortiClient GUI 启动失败
[2026-03-03 14:23:30] 重试 1 失败：无法启动 FortiClient
[2026-03-03 14:23:40] 尝试 2/3...
[2026-03-03 14:23:40] 启动 FortiClient GUI...
[2026-03-03 14:23:43] ❌ FortiClient GUI 启动失败
[2026-03-03 14:23:43] 重试 2 失败：无法启动 FortiClient
[2026-03-03 14:23:53] 尝试 3/3...
[2026-03-03 14:23:53] 启动 FortiClient GUI...
[2026-03-03 14:23:56] ❌ FortiClient GUI 启动失败
[2026-03-03 14:23:56] 重试 3 失败：无法启动 FortiClient
[2026-03-03 14:24:06] ❌ VPN 重连失败（已尝试 3 次）
[2026-03-03 14:24:06] ========== VPN 重连失败 ==========
[2026-03-03 14:38:07] ========== VPN 重连开始 ==========
[2026-03-03 14:38:07] 尝试 1/3...
[2026-03-03 14:38:07] 启动 FortiClient GUI...
[2026-03-03 14:38:07] FortiClient 已在运行，先关闭...
[2026-03-03 14:38:12] ✅ FortiClient GUI 已启动
[2026-03-03 14:38:12] 触发 VPN 连接（Playwright 自动化）...
[INFO] 启动 Playwright 自动登录...
[INFO] 访问 VPN SAML 登录页面...
[INFO] 等待 Microsoft 登录页面...
[INFO] 输入用户名...
[INFO] 等待密码输入框...
[INFO] 输入密码...
[INFO] 等待认证完成...
[INFO] 当前 URL: https://login.microsoftonline.com/25dfd0e1-efae-4b13-8d6b-b82c74544999/login
[INFO] 找到按钮: 
[INFO] 等待重定向到 VPN...
[WARN] 等待重定向超时，检查当前状态...
[INFO] 最终 URL: https://login.microsoftonline.com/25dfd0e1-efae-4b13-8d6b-b82c74544999/login
[ERROR] ❌ 自动登录失败: 未能重定向到 VPN 页面
[2026-03-03 14:39:22] 重试 1 失败：自动登录失败
[2026-03-03 14:39:32] 尝试 2/3...
[2026-03-03 14:39:32] 启动 FortiClient GUI...
[2026-03-03 14:39:35] ❌ FortiClient GUI 启动失败
[2026-03-03 14:39:35] 重试 2 失败：无法启动 FortiClient
[2026-03-03 14:39:45] 尝试 3/3...
[2026-03-03 14:39:45] 启动 FortiClient GUI...
[2026-03-03 14:39:45] FortiClient 已在运行，先关闭...
[2026-03-03 14:39:50] ❌ FortiClient GUI 启动失败
[2026-03-03 14:39:50] 重试 3 失败：无法启动 FortiClient
[2026-03-03 14:40:00] ❌ VPN 重连失败（已尝试 3 次）
[2026-03-03 14:40:00] ========== VPN 重连失败 ==========
[2026-03-03 14:41:00] ========== VPN 重连开始 ==========
[2026-03-03 14:41:00] 尝试 1/3...
[2026-03-03 14:41:00] 启动 FortiClient GUI...
[2026-03-03 14:41:03] ❌ FortiClient GUI 启动失败
[2026-03-03 14:41:03] 重试 1 失败：无法启动 FortiClient
[2026-03-03 14:41:13] 尝试 2/3...
[2026-03-03 14:41:13] 启动 FortiClient GUI...
[2026-03-03 14:41:16] ❌ FortiClient GUI 启动失败
[2026-03-03 14:41:16] 重试 2 失败：无法启动 FortiClient
[2026-03-03 14:41:26] 尝试 3/3...
[2026-03-03 14:41:26] 启动 FortiClient GUI...
[2026-03-03 14:41:29] ❌ FortiClient GUI 启动失败
[2026-03-03 14:41:29] 重试 3 失败：无法启动 FortiClient
[2026-03-03 14:41:39] ❌ VPN 重连失败（已尝试 3 次）
[2026-03-03 14:41:39] ========== VPN 重连失败 ==========
[2026-03-03 14:47:40] ========== VPN 重连开始 ==========
[2026-03-03 14:47:40] 尝试 1/3...
[2026-03-03 14:47:40] 启动 FortiClient GUI...
[2026-03-03 14:47:40] FortiClient 已在运行，先关闭...
[2026-03-03 14:47:45] ❌ FortiClient GUI 启动失败
[2026-03-03 14:47:45] 重试 1 失败：无法启动 FortiClient
[2026-03-03 14:47:55] 尝试 2/3...
[2026-03-03 14:47:55] 启动 FortiClient GUI...
[2026-03-03 14:47:58] ❌ FortiClient GUI 启动失败
[2026-03-03 14:47:58] 重试 2 失败：无法启动 FortiClient
[2026-03-03 14:48:08] 尝试 3/3...
[2026-03-03 14:48:08] 启动 FortiClient GUI...
[2026-03-03 14:48:11] ❌ FortiClient GUI 启动失败
[2026-03-03 14:48:11] 重试 3 失败：无法启动 FortiClient
[2026-03-03 14:48:21] ❌ VPN 重连失败（已尝试 3 次）
[2026-03-03 14:48:21] ========== VPN 重连失败 ==========
[2026-03-03 14:49:21] ========== VPN 重连开始 ==========
[2026-03-03 14:49:21] 尝试 1/3...
[2026-03-03 14:49:21] 启动 FortiClient GUI...
[2026-03-03 14:49:24] ❌ FortiClient GUI 启动失败
[2026-03-03 14:49:24] 重试 1 失败：无法启动 FortiClient
[2026-03-03 14:49:34] 尝试 2/3...
[2026-03-03 14:49:34] 启动 FortiClient GUI...
[2026-03-03 14:49:37] ❌ FortiClient GUI 启动失败
[2026-03-03 14:49:37] 重试 2 失败：无法启动 FortiClient
[2026-03-03 14:49:47] 尝试 3/3...
[2026-03-03 14:49:47] 启动 FortiClient GUI...
[2026-03-03 14:49:50] ❌ FortiClient GUI 启动失败
[2026-03-03 14:49:50] 重试 3 失败：无法启动 FortiClient
[2026-03-03 14:50:00] ❌ VPN 重连失败（已尝试 3 次）
[2026-03-03 14:50:00] ========== VPN 重连失败 ==========
[2026-03-03 14:54:00] ========== VPN 重连开始 ==========
[2026-03-03 14:54:00] 尝试 1/3...
[2026-03-03 14:54:00] 启动 FortiClient GUI...
[2026-03-03 14:54:00] FortiClient 已在运行，先关闭...
[2026-03-03 14:54:05] ✅ FortiClient GUI 已启动
[2026-03-03 14:54:05] 触发 VPN 连接（Playwright 自动化）...
[INFO] 启动 Playwright 自动登录...
[INFO] 访问 VPN SAML 登录页面...
[INFO] 等待 Microsoft 登录页面...
[INFO] 输入用户名...
[INFO] 等待密码输入框...
[INFO] 输入密码...
[INFO] 等待认证完成...
[INFO] 当前 URL: https://login.microsoftonline.com/25dfd0e1-efae-4b13-8d6b-b82c74544999/login
[INFO] 找到按钮: 
[INFO] 等待重定向到 VPN...
[WARN] 等待重定向超时，检查当前状态...
[INFO] 最终 URL: https://login.microsoftonline.com/25dfd0e1-efae-4b13-8d6b-b82c74544999/login
[ERROR] ❌ 自动登录失败: 未能重定向到 VPN 页面
[2026-03-03 14:55:15] 重试 1 失败：自动登录失败
[2026-03-03 14:55:25] 尝试 2/3...
[2026-03-03 14:55:25] 启动 FortiClient GUI...
[2026-03-03 14:55:28] ❌ FortiClient GUI 启动失败
[2026-03-03 14:55:28] 重试 2 失败：无法启动 FortiClient
[2026-03-03 14:55:38] 尝试 3/3...
[2026-03-03 14:55:38] 启动 FortiClient GUI...
[2026-03-03 14:55:41] ❌ FortiClient GUI 启动失败
[2026-03-03 14:55:41] 重试 3 失败：无法启动 FortiClient
[2026-03-03 14:55:51] ❌ VPN 重连失败（已尝试 3 次）
[2026-03-03 14:55:51] ========== VPN 重连失败 ==========
[2026-03-03 14:56:51] ========== VPN 重连开始 ==========
[2026-03-03 14:56:51] 尝试 1/3...
[2026-03-03 14:56:51] 启动 FortiClient GUI...
[2026-03-03 14:56:51] FortiClient 已在运行，先关闭...
[2026-03-03 14:56:57] ❌ FortiClient GUI 启动失败
[2026-03-03 14:56:57] 重试 1 失败：无法启动 FortiClient
[2026-03-03 14:57:07] 尝试 2/3...
[2026-03-03 14:57:07] 启动 FortiClient GUI...
[2026-03-03 14:57:10] ❌ FortiClient GUI 启动失败
[2026-03-03 14:57:10] 重试 2 失败：无法启动 FortiClient
[2026-03-03 14:57:20] 尝试 3/3...
[2026-03-03 14:57:20] 启动 FortiClient GUI...
[2026-03-03 14:57:23] ❌ FortiClient GUI 启动失败
[2026-03-03 14:57:23] 重试 3 失败：无法启动 FortiClient
[2026-03-03 14:57:33] ❌ VPN 重连失败（已尝试 3 次）
[2026-03-03 14:57:33] ========== VPN 重连失败 ==========
[2026-03-03 22:59:01] ========== VPN 重连开始 ==========
[2026-03-03 22:59:01] 尝试 1/3...
[2026-03-03 22:59:01] 启动 FortiClient GUI...
[2026-03-03 22:59:01] FortiClient 已在运行，先关闭...
[2026-03-03 22:59:06] ❌ FortiClient GUI 启动失败
[2026-03-03 22:59:06] 重试 1 失败：无法启动 FortiClient
[2026-03-03 22:59:16] 尝试 2/3...
[2026-03-03 22:59:16] 启动 FortiClient GUI...
[2026-03-03 22:59:19] ❌ FortiClient GUI 启动失败
[2026-03-03 22:59:19] 重试 2 失败：无法启动 FortiClient
[2026-03-03 22:59:29] 尝试 3/3...
[2026-03-03 22:59:29] 启动 FortiClient GUI...
[2026-03-03 22:59:32] ❌ FortiClient GUI 启动失败
[2026-03-03 22:59:32] 重试 3 失败：无法启动 FortiClient
[2026-03-03 22:59:42] ❌ VPN 重连失败（已尝试 3 次）
[2026-03-03 22:59:42] ========== VPN 重连失败 ==========
[2026-03-03 23:00:42] ========== VPN 重连开始 ==========
[2026-03-03 23:00:42] 尝试 1/3...
[2026-03-03 23:00:42] 启动 FortiClient GUI...
[2026-03-03 23:00:45] ❌ FortiClient GUI 启动失败
[2026-03-03 23:00:45] 重试 1 失败：无法启动 FortiClient
[2026-03-03 23:00:55] 尝试 2/3...
[2026-03-03 23:00:55] 启动 FortiClient GUI...
[2026-03-03 23:00:55] FortiClient 已在运行，先关闭...
[2026-03-03 23:01:00] ❌ FortiClient GUI 启动失败
[2026-03-03 23:01:00] 重试 2 失败：无法启动 FortiClient
[2026-03-03 23:01:10] 尝试 3/3...
[2026-03-03 23:01:10] 启动 FortiClient GUI...
[2026-03-03 23:01:13] ❌ FortiClient GUI 启动失败
[2026-03-03 23:01:13] 重试 3 失败：无法启动 FortiClient
[2026-03-03 23:01:23] ❌ VPN 重连失败（已尝试 3 次）
[2026-03-03 23:01:23] ========== VPN 重连失败 ==========
[2026-03-03 23:02:23] ========== VPN 重连开始 ==========
[2026-03-03 23:02:23] 尝试 1/3...
[2026-03-03 23:02:23] 启动 FortiClient GUI...
[2026-03-03 23:02:26] ❌ FortiClient GUI 启动失败
[2026-03-03 23:02:26] 重试 1 失败：无法启动 FortiClient
[2026-03-03 23:02:36] 尝试 2/3...
[2026-03-03 23:02:36] 启动 FortiClient GUI...
[2026-03-03 23:02:39] ❌ FortiClient GUI 启动失败
[2026-03-03 23:02:39] 重试 2 失败：无法启动 FortiClient
[2026-03-03 23:02:49] 尝试 3/3...
[2026-03-03 23:02:49] 启动 FortiClient GUI...
[2026-03-03 23:02:52] ❌ FortiClient GUI 启动失败
[2026-03-03 23:02:52] 重试 3 失败：无法启动 FortiClient
[2026-03-03 23:03:02] ❌ VPN 重连失败（已尝试 3 次）
[2026-03-03 23:03:02] ========== VPN 重连失败 ==========
