[2026-03-02 14:06:44] VPN Watchdog 启动
[2026-03-02 14:06:44] ❌ VPN 未连接，触发重连...
[2026-03-02 14:06:44] ========== VPN 重连开始 ==========
[2026-03-02 14:06:44] 尝试 1/3...
[2026-03-02 14:06:44] 启动 FortiClient GUI...
[2026-03-02 14:06:47] ❌ FortiClient GUI 启动失败
[2026-03-02 14:06:47] 重试 1 失败：无法启动 FortiClient
[2026-03-02 14:06:57] 尝试 2/3...
[2026-03-02 14:06:57] 启动 FortiClient GUI...
[2026-03-02 14:07:00] ❌ FortiClient GUI 启动失败
[2026-03-02 14:07:00] 重试 2 失败：无法启动 FortiClient
[2026-03-02 14:07:10] 尝试 3/3...
[2026-03-02 14:07:10] 启动 FortiClient GUI...
[2026-03-02 14:07:13] ❌ FortiClient GUI 启动失败
[2026-03-02 14:07:13] 重试 3 失败：无法启动 FortiClient
[2026-03-02 14:07:23] ❌ VPN 重连失败（已尝试 3 次）
[2026-03-02 14:07:23] ========== VPN 重连失败 ==========
[2026-03-02 14:08:23] ❌ VPN 未连接，触发重连...
[2026-03-02 14:08:23] ========== VPN 重连开始 ==========
[2026-03-02 14:08:23] 尝试 1/3...
[2026-03-02 14:08:23] 启动 FortiClient GUI...
[2026-03-02 14:08:26] ❌ FortiClient GUI 启动失败
[2026-03-02 14:08:26] 重试 1 失败：无法启动 FortiClient
[2026-03-02 14:08:36] 尝试 2/3...
[2026-03-02 14:08:36] 启动 FortiClient GUI...
[2026-03-02 14:08:39] ❌ FortiClient GUI 启动失败
[2026-03-02 14:08:39] 重试 2 失败：无法启动 FortiClient
[2026-03-02 14:08:49] 尝试 3/3...
[2026-03-02 14:08:49] 启动 FortiClient GUI...
[2026-03-02 14:08:52] ❌ FortiClient GUI 启动失败
[2026-03-02 14:08:52] 重试 3 失败：无法启动 FortiClient
[2026-03-02 14:09:02] ❌ VPN 重连失败（已尝试 3 次）
[2026-03-02 14:09:02] ========== VPN 重连失败 ==========
[2026-03-02 14:10:03] ❌ VPN 未连接，触发重连...
[2026-03-02 14:10:03] ========== VPN 重连开始 ==========
[2026-03-02 14:10:03] 尝试 1/3...
[2026-03-02 14:10:03] 启动 FortiClient GUI...
[2026-03-02 14:10:06] ❌ FortiClient GUI 启动失败
[2026-03-02 14:10:06] 重试 1 失败：无法启动 FortiClient
[2026-03-02 14:10:16] 尝试 2/3...
[2026-03-02 14:10:16] 启动 FortiClient GUI...
[2026-03-02 14:10:19] ❌ FortiClient GUI 启动失败
[2026-03-02 14:10:19] 重试 2 失败：无法启动 FortiClient
[2026-03-02 14:10:29] 尝试 3/3...
[2026-03-02 14:10:29] 启动 FortiClient GUI...
[2026-03-02 14:10:32] ❌ FortiClient GUI 启动失败
[2026-03-02 14:10:32] 重试 3 失败：无法启动 FortiClient
[2026-03-03 11:21:30] VPN Watchdog 启动
[2026-03-03 11:21:30] ❌ VPN 未连接，触发重连...
[2026-03-03 11:21:30] ========== VPN 重连开始 ==========
[2026-03-03 11:21:30] 尝试 1/3...
[2026-03-03 11:21:30] 启动 FortiClient GUI...
[2026-03-03 11:21:30] FortiClient 已在运行，先关闭...
[2026-03-03 11:21:35] ❌ FortiClient GUI 启动失败
[2026-03-03 11:21:35] 重试 1 失败：无法启动 FortiClient
[2026-03-03 11:21:45] 尝试 2/3...
[2026-03-03 11:21:45] 启动 FortiClient GUI...
[2026-03-03 11:21:48] ❌ FortiClient GUI 启动失败
[2026-03-03 11:21:48] 重试 2 失败：无法启动 FortiClient
[2026-03-03 11:21:58] 尝试 3/3...
[2026-03-03 11:21:58] 启动 FortiClient GUI...
[2026-03-03 11:22:01] ❌ FortiClient GUI 启动失败
[2026-03-03 11:22:01] 重试 3 失败：无法启动 FortiClient
[2026-03-03 11:22:11] ❌ VPN 重连失败（已尝试 3 次）
[2026-03-03 11:22:11] ========== VPN 重连失败 ==========
[2026-03-03 11:23:11] ❌ VPN 未连接，触发重连...
[2026-03-03 11:23:11] ========== VPN 重连开始 ==========
[2026-03-03 11:23:11] 尝试 1/3...
[2026-03-03 11:23:11] 启动 FortiClient GUI...
[2026-03-03 11:23:14] ❌ FortiClient GUI 启动失败
[2026-03-03 11:23:14] 重试 1 失败：无法启动 FortiClient
[2026-03-03 11:23:24] 尝试 2/3...
[2026-03-03 11:23:24] 启动 FortiClient GUI...
[2026-03-03 11:23:27] ❌ FortiClient GUI 启动失败
[2026-03-03 11:23:27] 重试 2 失败：无法启动 FortiClient
[2026-03-03 11:23:37] 尝试 3/3...
[2026-03-03 11:23:37] 启动 FortiClient GUI...
[2026-03-03 11:23:40] ❌ FortiClient GUI 启动失败
[2026-03-03 11:23:40] 重试 3 失败：无法启动 FortiClient
[2026-03-03 11:23:50] ❌ VPN 重连失败（已尝试 3 次）
[2026-03-03 11:23:50] ========== VPN 重连失败 ==========
[2026-03-03 11:24:50] ✅ VPN 已连接
[2026-03-03 11:25:50] ✅ VPN 已连接
[2026-03-03 11:26:50] ✅ VPN 已连接
[2026-03-03 11:27:50] ✅ VPN 已连接
[2026-03-03 11:28:50] ✅ VPN 已连接
[2026-03-03 11:29:50] ✅ VPN 已连接
[2026-03-03 11:30:50] ✅ VPN 已连接
[2026-03-03 11:31:50] ✅ VPN 已连接
[2026-03-03 11:32:50] ✅ VPN 已连接
[2026-03-03 11:33:50] ✅ VPN 已连接
[2026-03-03 11:34:50] ✅ VPN 已连接
[2026-03-03 11:35:50] ✅ VPN 已连接
[2026-03-03 11:36:50] ✅ VPN 已连接
[2026-03-03 11:37:51] ✅ VPN 已连接
[2026-03-03 11:38:51] ✅ VPN 已连接
[2026-03-03 11:39:51] ✅ VPN 已连接
[2026-03-03 11:40:51] ✅ VPN 已连接
[2026-03-03 11:41:51] ✅ VPN 已连接
[2026-03-03 11:42:51] ✅ VPN 已连接
[2026-03-03 11:43:51] ✅ VPN 已连接
[2026-03-03 11:44:51] ✅ VPN 已连接
[2026-03-03 11:45:51] ✅ VPN 已连接
[2026-03-03 11:46:51] ✅ VPN 已连接
[2026-03-03 11:47:51] ✅ VPN 已连接
[2026-03-03 11:48:51] ✅ VPN 已连接
[2026-03-03 11:49:51] ✅ VPN 已连接
[2026-03-03 11:50:51] ✅ VPN 已连接
[2026-03-03 11:51:51] ✅ VPN 已连接
[2026-03-03 11:52:51] ✅ VPN 已连接
[2026-03-03 11:53:51] ✅ VPN 已连接
[2026-03-03 11:54:51] ✅ VPN 已连接
[2026-03-03 11:55:52] ✅ VPN 已连接
[2026-03-03 11:56:52] ✅ VPN 已连接
[2026-03-03 11:57:52] ✅ VPN 已连接
[2026-03-03 11:58:52] ✅ VPN 已连接
[2026-03-03 11:59:52] ✅ VPN 已连接
[2026-03-03 12:00:52] ✅ VPN 已连接
[2026-03-03 12:01:52] ✅ VPN 已连接
[2026-03-03 12:02:52] ✅ VPN 已连接
[2026-03-03 12:03:52] ✅ VPN 已连接
[2026-03-03 12:04:52] ✅ VPN 已连接
[2026-03-03 12:05:52] ✅ VPN 已连接
[2026-03-03 12:06:52] ✅ VPN 已连接
[2026-03-03 12:07:52] ✅ VPN 已连接
[2026-03-03 12:08:52] ✅ VPN 已连接
[2026-03-03 12:09:52] ✅ VPN 已连接
[2026-03-03 12:10:53] ✅ VPN 已连接
[2026-03-03 12:11:53] ✅ VPN 已连接
[2026-03-03 12:12:53] ✅ VPN 已连接
[2026-03-03 12:13:53] ✅ VPN 已连接
[2026-03-03 12:14:53] ✅ VPN 已连接
[2026-03-03 12:15:53] ✅ VPN 已连接
[2026-03-03 12:16:53] ✅ VPN 已连接
[2026-03-03 12:17:53] ✅ VPN 已连接
[2026-03-03 12:18:53] ✅ VPN 已连接
[2026-03-03 12:19:53] ✅ VPN 已连接
[2026-03-03 12:20:53] ✅ VPN 已连接
[2026-03-03 12:21:53] ✅ VPN 已连接
[2026-03-03 12:22:53] ✅ VPN 已连接
[2026-03-03 12:23:53] ✅ VPN 已连接
[2026-03-03 12:24:53] ✅ VPN 已连接
[2026-03-03 12:25:53] ✅ VPN 已连接
[2026-03-03 12:26:53] ✅ VPN 已连接
[2026-03-03 12:27:54] ✅ VPN 已连接
[2026-03-03 12:28:54] ✅ VPN 已连接
[2026-03-03 12:29:54] ✅ VPN 已连接
[2026-03-03 12:30:54] ✅ VPN 已连接
[2026-03-03 12:31:54] ✅ VPN 已连接
[2026-03-03 12:32:54] ✅ VPN 已连接
[2026-03-03 12:33:54] ✅ VPN 已连接
[2026-03-03 12:34:54] ✅ VPN 已连接
[2026-03-03 12:35:54] ✅ VPN 已连接
[2026-03-03 12:36:54] ✅ VPN 已连接
[2026-03-03 12:37:54] ✅ VPN 已连接
[2026-03-03 12:38:54] ✅ VPN 已连接
[2026-03-03 12:39:54] ✅ VPN 已连接
[2026-03-03 12:40:54] ✅ VPN 已连接
[2026-03-03 12:41:54] ✅ VPN 已连接
[2026-03-03 12:42:54] ✅ VPN 已连接
[2026-03-03 12:43:54] ✅ VPN 已连接
[2026-03-03 12:44:54] ✅ VPN 已连接
[2026-03-03 12:45:55] ✅ VPN 已连接
[2026-03-03 12:46:55] ✅ VPN 已连接
[2026-03-03 12:47:55] ✅ VPN 已连接
[2026-03-03 12:48:55] ✅ VPN 已连接
[2026-03-03 12:49:55] ✅ VPN 已连接
[2026-03-03 12:50:55] ✅ VPN 已连接
[2026-03-03 12:51:55] ✅ VPN 已连接
[2026-03-03 12:52:55] ❌ VPN 未连接，触发重连...
[2026-03-03 12:52:55] ========== VPN 重连开始 ==========
[2026-03-03 12:52:55] 尝试 1/3...
[2026-03-03 12:52:55] 启动 FortiClient GUI...
[2026-03-03 12:52:55] FortiClient 已在运行，先关闭...
[2026-03-03 12:53:00] ❌ FortiClient GUI 启动失败
[2026-03-03 12:53:00] 重试 1 失败：无法启动 FortiClient
[2026-03-03 12:53:10] 尝试 2/3...
[2026-03-03 12:53:10] 启动 FortiClient GUI...
[2026-03-03 12:53:10] FortiClient 已在运行，先关闭...
[2026-03-03 12:53:15] ❌ FortiClient GUI 启动失败
[2026-03-03 12:53:15] 重试 2 失败：无法启动 FortiClient
[2026-03-03 12:53:25] 尝试 3/3...
[2026-03-03 12:53:25] 启动 FortiClient GUI...
[2026-03-03 12:53:28] ❌ FortiClient GUI 启动失败
[2026-03-03 12:53:28] 重试 3 失败：无法启动 FortiClient
[2026-03-03 12:53:38] ❌ VPN 重连失败（已尝试 3 次）
[2026-03-03 12:53:38] ========== VPN 重连失败 ==========
[2026-03-03 12:54:38] ❌ VPN 未连接，触发重连...
[2026-03-03 12:54:38] ========== VPN 重连开始 ==========
[2026-03-03 12:54:38] 尝试 1/3...
[2026-03-03 12:54:38] 启动 FortiClient GUI...
[2026-03-03 12:54:41] ❌ FortiClient GUI 启动失败
[2026-03-03 12:54:41] 重试 1 失败：无法启动 FortiClient
[2026-03-03 12:54:51] 尝试 2/3...
[2026-03-03 12:54:51] 启动 FortiClient GUI...
[2026-03-03 12:54:54] ❌ FortiClient GUI 启动失败
[2026-03-03 12:54:54] 重试 2 失败：无法启动 FortiClient
[2026-03-03 12:55:04] 尝试 3/3...
[2026-03-03 12:55:04] 启动 FortiClient GUI...
[2026-03-03 12:55:04] FortiClient 已在运行，先关闭...
[2026-03-03 12:55:09] ❌ FortiClient GUI 启动失败
[2026-03-03 12:55:09] 重试 3 失败：无法启动 FortiClient
[2026-03-03 12:55:19] ❌ VPN 重连失败（已尝试 3 次）
[2026-03-03 12:55:19] ========== VPN 重连失败 ==========
[2026-03-03 12:56:19] ❌ VPN 未连接，触发重连...
[2026-03-03 12:56:19] ========== VPN 重连开始 ==========
[2026-03-03 12:56:19] 尝试 1/3...
[2026-03-03 12:56:19] 启动 FortiClient GUI...
[2026-03-03 12:56:19] FortiClient 已在运行，先关闭...
[2026-03-03 12:56:25] ❌ FortiClient GUI 启动失败
[2026-03-03 12:56:25] 重试 1 失败：无法启动 FortiClient
[2026-03-03 12:56:35] 尝试 2/3...
[2026-03-03 12:56:35] 启动 FortiClient GUI...
[2026-03-03 12:56:38] ❌ FortiClient GUI 启动失败
[2026-03-03 12:56:38] 重试 2 失败：无法启动 FortiClient
[2026-03-03 12:56:48] 尝试 3/3...
[2026-03-03 12:56:48] 启动 FortiClient GUI...
[2026-03-03 12:56:48] FortiClient 已在运行，先关闭...
[2026-03-03 12:56:53] ✅ FortiClient GUI 已启动
[2026-03-03 12:56:53] 触发 VPN 连接（Playwright 自动化）...
[2026-03-03 12:57:11] 重试 3 失败：自动登录失败
[2026-03-03 12:57:21] ❌ VPN 重连失败（已尝试 3 次）
[2026-03-03 12:57:21] ========== VPN 重连失败 ==========
[2026-03-03 12:58:21] ✅ VPN 已连接
[2026-03-03 12:59:21] ✅ VPN 已连接
[2026-03-03 13:00:21] ✅ VPN 已连接
[2026-03-03 13:01:21] ✅ VPN 已连接
[2026-03-03 13:02:21] ✅ VPN 已连接
[2026-03-03 13:03:21] ✅ VPN 已连接
[2026-03-03 13:04:21] ✅ VPN 已连接
[2026-03-03 13:05:21] ✅ VPN 已连接
[2026-03-03 13:06:21] ✅ VPN 已连接
[2026-03-03 13:07:21] ✅ VPN 已连接
[2026-03-03 13:08:22] ✅ VPN 已连接
[2026-03-03 13:09:22] ✅ VPN 已连接
[2026-03-03 13:10:22] ✅ VPN 已连接
[2026-03-03 13:11:22] ✅ VPN 已连接
[2026-03-03 13:12:22] ✅ VPN 已连接
[2026-03-03 13:13:22] ✅ VPN 已连接
[2026-03-03 13:14:22] ✅ VPN 已连接
[2026-03-03 13:15:22] ✅ VPN 已连接
[2026-03-03 13:16:22] ✅ VPN 已连接
[2026-03-03 13:17:22] ✅ VPN 已连接
[2026-03-03 13:18:22] ✅ VPN 已连接
[2026-03-03 13:19:22] ✅ VPN 已连接
[2026-03-03 13:20:22] ✅ VPN 已连接
[2026-03-03 13:21:22] ✅ VPN 已连接
[2026-03-03 13:22:22] ✅ VPN 已连接
[2026-03-03 13:23:22] ✅ VPN 已连接
[2026-03-03 13:24:23] ✅ VPN 已连接
[2026-03-03 13:25:23] ✅ VPN 已连接
[2026-03-03 13:26:23] ✅ VPN 已连接
[2026-03-03 13:27:23] ✅ VPN 已连接
[2026-03-03 13:28:23] ✅ VPN 已连接
[2026-03-03 13:29:23] ✅ VPN 已连接
[2026-03-03 13:30:23] ❌ VPN 未连接，触发重连...
[2026-03-03 13:30:23] ========== VPN 重连开始 ==========
[2026-03-03 13:30:23] 尝试 1/3...
[2026-03-03 13:30:23] 启动 FortiClient GUI...
[2026-03-03 13:30:23] FortiClient 已在运行，先关闭...
[2026-03-03 13:30:28] ❌ FortiClient GUI 启动失败
[2026-03-03 13:30:28] 重试 1 失败：无法启动 FortiClient
[2026-03-03 13:30:38] 尝试 2/3...
[2026-03-03 13:30:38] 启动 FortiClient GUI...
[2026-03-03 13:30:38] FortiClient 已在运行，先关闭...
[2026-03-03 13:30:43] ❌ FortiClient GUI 启动失败
[2026-03-03 13:30:43] 重试 2 失败：无法启动 FortiClient
[2026-03-03 13:30:53] 尝试 3/3...
[2026-03-03 13:30:53] 启动 FortiClient GUI...
[2026-03-03 13:30:56] ❌ FortiClient GUI 启动失败
[2026-03-03 13:30:56] 重试 3 失败：无法启动 FortiClient
[2026-03-03 13:31:06] ❌ VPN 重连失败（已尝试 3 次）
[2026-03-03 13:31:06] ========== VPN 重连失败 ==========
[2026-03-03 13:32:06] ❌ VPN 未连接，触发重连...
[2026-03-03 13:32:06] ========== VPN 重连开始 ==========
[2026-03-03 13:32:06] 尝试 1/3...
[2026-03-03 13:32:06] 启动 FortiClient GUI...
[2026-03-03 13:32:09] ❌ FortiClient GUI 启动失败
[2026-03-03 13:32:09] 重试 1 失败：无法启动 FortiClient
[2026-03-03 13:32:19] 尝试 2/3...
[2026-03-03 13:32:19] 启动 FortiClient GUI...
[2026-03-03 13:32:22] ❌ FortiClient GUI 启动失败
[2026-03-03 13:32:22] 重试 2 失败：无法启动 FortiClient
[2026-03-03 13:32:32] 尝试 3/3...
[2026-03-03 13:32:32] 启动 FortiClient GUI...
[2026-03-03 13:32:35] ❌ FortiClient GUI 启动失败
[2026-03-03 13:32:35] 重试 3 失败：无法启动 FortiClient
[2026-03-03 13:32:45] ❌ VPN 重连失败（已尝试 3 次）
[2026-03-03 13:32:45] ========== VPN 重连失败 ==========
[2026-03-03 13:33:45] ❌ VPN 未连接，触发重连...
[2026-03-03 13:33:45] ========== VPN 重连开始 ==========
[2026-03-03 13:33:45] 尝试 1/3...
[2026-03-03 13:33:45] 启动 FortiClient GUI...
[2026-03-03 13:33:48] ❌ FortiClient GUI 启动失败
[2026-03-03 13:33:48] 重试 1 失败：无法启动 FortiClient
[2026-03-03 13:33:58] 尝试 2/3...
[2026-03-03 13:33:58] 启动 FortiClient GUI...
[2026-03-03 13:34:01] ❌ FortiClient GUI 启动失败
[2026-03-03 13:34:01] 重试 2 失败：无法启动 FortiClient
[2026-03-03 13:34:11] 尝试 3/3...
[2026-03-03 13:34:11] 启动 FortiClient GUI...
[2026-03-03 13:34:14] ❌ FortiClient GUI 启动失败
[2026-03-03 13:34:14] 重试 3 失败：无法启动 FortiClient
[2026-03-03 13:34:24] ❌ VPN 重连失败（已尝试 3 次）
[2026-03-03 13:34:24] ========== VPN 重连失败 ==========
[2026-03-03 13:35:25] ❌ VPN 未连接，触发重连...
[2026-03-03 13:35:25] ========== VPN 重连开始 ==========
[2026-03-03 13:35:25] 尝试 1/3...
[2026-03-03 13:35:25] 启动 FortiClient GUI...
[2026-03-03 13:35:28] ❌ FortiClient GUI 启动失败
[2026-03-03 13:35:28] 重试 1 失败：无法启动 FortiClient
[2026-03-03 13:35:38] 尝试 2/3...
[2026-03-03 13:35:38] 启动 FortiClient GUI...
[2026-03-03 13:35:41] ❌ FortiClient GUI 启动失败
[2026-03-03 13:35:41] 重试 2 失败：无法启动 FortiClient
[2026-03-03 13:35:51] 尝试 3/3...
[2026-03-03 13:35:51] 启动 FortiClient GUI...
[2026-03-03 13:35:54] ❌ FortiClient GUI 启动失败
[2026-03-03 13:35:54] 重试 3 失败：无法启动 FortiClient
[2026-03-03 13:36:04] ❌ VPN 重连失败（已尝试 3 次）
[2026-03-03 13:36:04] ========== VPN 重连失败 ==========
[2026-03-03 13:37:04] ❌ VPN 未连接，触发重连...
[2026-03-03 13:37:04] ========== VPN 重连开始 ==========
[2026-03-03 13:37:04] 尝试 1/3...
[2026-03-03 13:37:04] 启动 FortiClient GUI...
[2026-03-03 13:37:07] ❌ FortiClient GUI 启动失败
[2026-03-03 13:37:07] 重试 1 失败：无法启动 FortiClient
[2026-03-03 13:37:17] 尝试 2/3...
[2026-03-03 13:37:17] 启动 FortiClient GUI...
[2026-03-03 13:37:20] ❌ FortiClient GUI 启动失败
[2026-03-03 13:37:20] 重试 2 失败：无法启动 FortiClient
[2026-03-03 13:37:30] 尝试 3/3...
[2026-03-03 13:37:30] 启动 FortiClient GUI...
[2026-03-03 13:37:33] ❌ FortiClient GUI 启动失败
[2026-03-03 13:37:33] 重试 3 失败：无法启动 FortiClient
[2026-03-03 13:37:43] ❌ VPN 重连失败（已尝试 3 次）
[2026-03-03 13:37:43] ========== VPN 重连失败 ==========
[2026-03-03 13:38:43] ❌ VPN 未连接，触发重连...
[2026-03-03 13:38:43] ========== VPN 重连开始 ==========
[2026-03-03 13:38:43] 尝试 1/3...
[2026-03-03 13:38:43] 启动 FortiClient GUI...
[2026-03-03 13:38:46] ❌ FortiClient GUI 启动失败
[2026-03-03 13:38:46] 重试 1 失败：无法启动 FortiClient
[2026-03-03 13:38:56] 尝试 2/3...
[2026-03-03 13:38:56] 启动 FortiClient GUI...
[2026-03-03 13:38:59] ❌ FortiClient GUI 启动失败
[2026-03-03 13:38:59] 重试 2 失败：无法启动 FortiClient
[2026-03-03 13:39:09] 尝试 3/3...
[2026-03-03 13:39:09] 启动 FortiClient GUI...
[2026-03-03 13:39:12] ❌ FortiClient GUI 启动失败
[2026-03-03 13:39:12] 重试 3 失败：无法启动 FortiClient
[2026-03-03 13:39:22] ❌ VPN 重连失败（已尝试 3 次）
[2026-03-03 13:39:22] ========== VPN 重连失败 ==========
[2026-03-03 13:40:22] ✅ VPN 已连接
[2026-03-03 13:41:22] ✅ VPN 已连接
[2026-03-03 13:42:22] ✅ VPN 已连接
[2026-03-03 13:43:22] ✅ VPN 已连接
[2026-03-03 13:44:22] ✅ VPN 已连接
[2026-03-03 13:45:23] ✅ VPN 已连接
[2026-03-03 13:46:23] ✅ VPN 已连接
[2026-03-03 13:47:23] ✅ VPN 已连接
[2026-03-03 13:48:23] ✅ VPN 已连接
[2026-03-03 13:49:23] ✅ VPN 已连接
[2026-03-03 13:50:23] ✅ VPN 已连接
[2026-03-03 13:51:23] ✅ VPN 已连接
[2026-03-03 13:52:23] ✅ VPN 已连接
[2026-03-03 13:53:23] ❌ VPN 未连接，触发重连...
[2026-03-03 13:53:23] ========== VPN 重连开始 ==========
[2026-03-03 13:53:23] 尝试 1/3...
[2026-03-03 13:53:23] 启动 FortiClient GUI...
[2026-03-03 13:53:23] FortiClient 已在运行，先关闭...
[2026-03-03 13:53:28] ❌ FortiClient GUI 启动失败
[2026-03-03 13:53:28] 重试 1 失败：无法启动 FortiClient
[2026-03-03 13:53:38] 尝试 2/3...
[2026-03-03 13:53:38] 启动 FortiClient GUI...
[2026-03-03 13:53:41] ❌ FortiClient GUI 启动失败
[2026-03-03 13:53:41] 重试 2 失败：无法启动 FortiClient
[2026-03-03 13:53:51] 尝试 3/3...
[2026-03-03 13:53:51] 启动 FortiClient GUI...
[2026-03-03 13:53:54] ❌ FortiClient GUI 启动失败
[2026-03-03 13:53:54] 重试 3 失败：无法启动 FortiClient
[2026-03-03 13:54:04] ❌ VPN 重连失败（已尝试 3 次）
[2026-03-03 13:54:04] ========== VPN 重连失败 ==========
[2026-03-03 13:55:04] ❌ VPN 未连接，触发重连...
[2026-03-03 13:55:04] ========== VPN 重连开始 ==========
[2026-03-03 13:55:04] 尝试 1/3...
[2026-03-03 13:55:04] 启动 FortiClient GUI...
[2026-03-03 13:55:07] ❌ FortiClient GUI 启动失败
[2026-03-03 13:55:07] 重试 1 失败：无法启动 FortiClient
[2026-03-03 13:55:17] 尝试 2/3...
[2026-03-03 13:55:17] 启动 FortiClient GUI...
[2026-03-03 13:55:20] ❌ FortiClient GUI 启动失败
[2026-03-03 13:55:20] 重试 2 失败：无法启动 FortiClient
[2026-03-03 13:55:30] 尝试 3/3...
[2026-03-03 13:55:30] 启动 FortiClient GUI...
[2026-03-03 13:55:33] ❌ FortiClient GUI 启动失败
[2026-03-03 13:55:33] 重试 3 失败：无法启动 FortiClient
[2026-03-03 13:55:43] ❌ VPN 重连失败（已尝试 3 次）
[2026-03-03 13:55:43] ========== VPN 重连失败 ==========
[2026-03-03 13:56:43] ❌ VPN 未连接，触发重连...
[2026-03-03 13:56:43] ========== VPN 重连开始 ==========
[2026-03-03 13:56:43] 尝试 1/3...
[2026-03-03 13:56:43] 启动 FortiClient GUI...
[2026-03-03 13:56:46] ❌ FortiClient GUI 启动失败
[2026-03-03 13:56:46] 重试 1 失败：无法启动 FortiClient
[2026-03-03 13:56:56] 尝试 2/3...
[2026-03-03 13:56:56] 启动 FortiClient GUI...
[2026-03-03 13:56:59] ❌ FortiClient GUI 启动失败
[2026-03-03 13:56:59] 重试 2 失败：无法启动 FortiClient
[2026-03-03 13:57:09] 尝试 3/3...
[2026-03-03 13:57:09] 启动 FortiClient GUI...
[2026-03-03 13:57:13] ❌ FortiClient GUI 启动失败
[2026-03-03 13:57:13] 重试 3 失败：无法启动 FortiClient
[2026-03-03 13:57:23] ❌ VPN 重连失败（已尝试 3 次）
[2026-03-03 13:57:23] ========== VPN 重连失败 ==========
[2026-03-03 13:58:23] ❌ VPN 未连接，触发重连...
[2026-03-03 13:58:23] ========== VPN 重连开始 ==========
[2026-03-03 13:58:23] 尝试 1/3...
[2026-03-03 13:58:23] 启动 FortiClient GUI...
[2026-03-03 13:58:26] ❌ FortiClient GUI 启动失败
[2026-03-03 13:58:26] 重试 1 失败：无法启动 FortiClient
[2026-03-03 13:58:36] 尝试 2/3...
[2026-03-03 13:58:36] 启动 FortiClient GUI...
[2026-03-03 13:58:39] ❌ FortiClient GUI 启动失败
[2026-03-03 13:58:39] 重试 2 失败：无法启动 FortiClient
[2026-03-03 13:58:49] 尝试 3/3...
[2026-03-03 13:58:49] 启动 FortiClient GUI...
[2026-03-03 13:58:52] ❌ FortiClient GUI 启动失败
[2026-03-03 13:58:52] 重试 3 失败：无法启动 FortiClient
[2026-03-03 13:59:02] ❌ VPN 重连失败（已尝试 3 次）
[2026-03-03 13:59:02] ========== VPN 重连失败 ==========
[2026-03-03 14:00:02] ❌ VPN 未连接，触发重连...
[2026-03-03 14:00:02] ========== VPN 重连开始 ==========
[2026-03-03 14:00:02] 尝试 1/3...
[2026-03-03 14:00:02] 启动 FortiClient GUI...
[2026-03-03 14:00:02] FortiClient 已在运行，先关闭...
[2026-03-03 14:00:07] ❌ FortiClient GUI 启动失败
[2026-03-03 14:00:07] 重试 1 失败：无法启动 FortiClient
[2026-03-03 14:00:17] 尝试 2/3...
[2026-03-03 14:00:17] 启动 FortiClient GUI...
[2026-03-03 14:00:20] ❌ FortiClient GUI 启动失败
[2026-03-03 14:00:20] 重试 2 失败：无法启动 FortiClient
[2026-03-03 14:00:30] 尝试 3/3...
[2026-03-03 14:00:30] 启动 FortiClient GUI...
[2026-03-03 14:00:33] ❌ FortiClient GUI 启动失败
[2026-03-03 14:00:33] 重试 3 失败：无法启动 FortiClient
[2026-03-03 14:00:43] ❌ VPN 重连失败（已尝试 3 次）
[2026-03-03 14:00:43] ========== VPN 重连失败 ==========
[2026-03-03 14:01:43] ❌ VPN 未连接，触发重连...
[2026-03-03 14:01:43] ========== VPN 重连开始 ==========
[2026-03-03 14:01:43] 尝试 1/3...
[2026-03-03 14:01:43] 启动 FortiClient GUI...
[2026-03-03 14:01:43] FortiClient 已在运行，先关闭...
[2026-03-03 14:01:48] ❌ FortiClient GUI 启动失败
[2026-03-03 14:01:48] 重试 1 失败：无法启动 FortiClient
[2026-03-03 14:01:58] 尝试 2/3...
[2026-03-03 14:01:58] 启动 FortiClient GUI...
[2026-03-03 14:02:01] ❌ FortiClient GUI 启动失败
[2026-03-03 14:02:01] 重试 2 失败：无法启动 FortiClient
[2026-03-03 14:02:11] 尝试 3/3...
[2026-03-03 14:02:11] 启动 FortiClient GUI...
[2026-03-03 14:02:14] ❌ FortiClient GUI 启动失败
[2026-03-03 14:02:14] 重试 3 失败：无法启动 FortiClient
[2026-03-03 14:02:24] ❌ VPN 重连失败（已尝试 3 次）
[2026-03-03 14:02:24] ========== VPN 重连失败 ==========
[2026-03-03 14:03:24] ❌ VPN 未连接，触发重连...
[2026-03-03 14:03:24] ========== VPN 重连开始 ==========
[2026-03-03 14:03:24] 尝试 1/3...
[2026-03-03 14:03:24] 启动 FortiClient GUI...
[2026-03-03 14:03:27] ❌ FortiClient GUI 启动失败
[2026-03-03 14:03:27] 重试 1 失败：无法启动 FortiClient
[2026-03-03 14:03:37] 尝试 2/3...
[2026-03-03 14:03:37] 启动 FortiClient GUI...
[2026-03-03 14:03:40] ❌ FortiClient GUI 启动失败
[2026-03-03 14:03:40] 重试 2 失败：无法启动 FortiClient
[2026-03-03 14:03:50] 尝试 3/3...
[2026-03-03 14:03:50] 启动 FortiClient GUI...
[2026-03-03 14:03:54] ❌ FortiClient GUI 启动失败
[2026-03-03 14:03:54] 重试 3 失败：无法启动 FortiClient
[2026-03-03 14:04:04] ❌ VPN 重连失败（已尝试 3 次）
[2026-03-03 14:04:04] ========== VPN 重连失败 ==========
[2026-03-03 14:05:04] ❌ VPN 未连接，触发重连...
[2026-03-03 14:05:04] ========== VPN 重连开始 ==========
[2026-03-03 14:05:04] 尝试 1/3...
[2026-03-03 14:05:04] 启动 FortiClient GUI...
[2026-03-03 14:05:04] FortiClient 已在运行，先关闭...
[2026-03-03 14:05:09] ❌ FortiClient GUI 启动失败
[2026-03-03 14:05:09] 重试 1 失败：无法启动 FortiClient
[2026-03-03 14:05:19] 尝试 2/3...
[2026-03-03 14:05:19] 启动 FortiClient GUI...
[2026-03-03 14:05:22] ❌ FortiClient GUI 启动失败
[2026-03-03 14:05:22] 重试 2 失败：无法启动 FortiClient
[2026-03-03 14:05:32] 尝试 3/3...
[2026-03-03 14:05:32] 启动 FortiClient GUI...
[2026-03-03 14:05:35] ❌ FortiClient GUI 启动失败
[2026-03-03 14:05:35] 重试 3 失败：无法启动 FortiClient
[2026-03-03 14:05:45] ❌ VPN 重连失败（已尝试 3 次）
[2026-03-03 14:05:45] ========== VPN 重连失败 ==========
[2026-03-03 14:06:45] ❌ VPN 未连接，触发重连...
[2026-03-03 14:06:45] ========== VPN 重连开始 ==========
[2026-03-03 14:06:45] 尝试 1/3...
[2026-03-03 14:06:45] 启动 FortiClient GUI...
[2026-03-03 14:06:48] ❌ FortiClient GUI 启动失败
[2026-03-03 14:06:48] 重试 1 失败：无法启动 FortiClient
[2026-03-03 14:06:58] 尝试 2/3...
[2026-03-03 14:06:58] 启动 FortiClient GUI...
[2026-03-03 14:07:01] ❌ FortiClient GUI 启动失败
[2026-03-03 14:07:01] 重试 2 失败：无法启动 FortiClient
[2026-03-03 14:07:11] 尝试 3/3...
[2026-03-03 14:07:11] 启动 FortiClient GUI...
[2026-03-03 14:07:14] ❌ FortiClient GUI 启动失败
[2026-03-03 14:07:14] 重试 3 失败：无法启动 FortiClient
[2026-03-03 14:07:24] ❌ VPN 重连失败（已尝试 3 次）
[2026-03-03 14:07:24] ========== VPN 重连失败 ==========
[2026-03-03 14:08:24] ❌ VPN 未连接，触发重连...
[2026-03-03 14:08:24] ========== VPN 重连开始 ==========
[2026-03-03 14:08:24] 尝试 1/3...
[2026-03-03 14:08:24] 启动 FortiClient GUI...
[2026-03-03 14:08:27] ❌ FortiClient GUI 启动失败
[2026-03-03 14:08:27] 重试 1 失败：无法启动 FortiClient
[2026-03-03 14:08:37] 尝试 2/3...
[2026-03-03 14:08:37] 启动 FortiClient GUI...
[2026-03-03 14:08:40] ❌ FortiClient GUI 启动失败
[2026-03-03 14:08:40] 重试 2 失败：无法启动 FortiClient
[2026-03-03 14:08:50] 尝试 3/3...
[2026-03-03 14:08:50] 启动 FortiClient GUI...
[2026-03-03 14:08:53] ❌ FortiClient GUI 启动失败
[2026-03-03 14:08:53] 重试 3 失败：无法启动 FortiClient
[2026-03-03 14:09:03] ❌ VPN 重连失败（已尝试 3 次）
[2026-03-03 14:09:03] ========== VPN 重连失败 ==========
[2026-03-03 14:10:03] ❌ VPN 未连接，触发重连...
[2026-03-03 14:10:03] ========== VPN 重连开始 ==========
[2026-03-03 14:10:03] 尝试 1/3...
[2026-03-03 14:10:03] 启动 FortiClient GUI...
[2026-03-03 14:10:06] ❌ FortiClient GUI 启动失败
[2026-03-03 14:10:06] 重试 1 失败：无法启动 FortiClient
[2026-03-03 14:10:16] 尝试 2/3...
[2026-03-03 14:10:16] 启动 FortiClient GUI...
[2026-03-03 14:10:19] ❌ FortiClient GUI 启动失败
[2026-03-03 14:10:19] 重试 2 失败：无法启动 FortiClient
[2026-03-03 14:10:29] 尝试 3/3...
[2026-03-03 14:10:29] 启动 FortiClient GUI...
[2026-03-03 14:10:29] FortiClient 已在运行，先关闭...
[2026-03-03 14:10:34] ❌ FortiClient GUI 启动失败
[2026-03-03 14:10:34] 重试 3 失败：无法启动 FortiClient
[2026-03-03 14:10:44] ❌ VPN 重连失败（已尝试 3 次）
[2026-03-03 14:10:44] ========== VPN 重连失败 ==========
[2026-03-03 14:11:44] ❌ VPN 未连接，触发重连...
[2026-03-03 14:11:44] ========== VPN 重连开始 ==========
[2026-03-03 14:11:44] 尝试 1/3...
[2026-03-03 14:11:44] 启动 FortiClient GUI...
[2026-03-03 14:11:47] ❌ FortiClient GUI 启动失败
[2026-03-03 14:11:47] 重试 1 失败：无法启动 FortiClient
[2026-03-03 14:11:57] 尝试 2/3...
[2026-03-03 14:11:57] 启动 FortiClient GUI...
[2026-03-03 14:12:00] ❌ FortiClient GUI 启动失败
[2026-03-03 14:12:00] 重试 2 失败：无法启动 FortiClient
[2026-03-03 14:12:10] 尝试 3/3...
[2026-03-03 14:12:10] 启动 FortiClient GUI...
[2026-03-03 14:12:14] ❌ FortiClient GUI 启动失败
[2026-03-03 14:12:14] 重试 3 失败：无法启动 FortiClient
[2026-03-03 14:12:24] ❌ VPN 重连失败（已尝试 3 次）
[2026-03-03 14:12:24] ========== VPN 重连失败 ==========
[2026-03-03 14:13:24] ❌ VPN 未连接，触发重连...
[2026-03-03 14:13:24] ========== VPN 重连开始 ==========
[2026-03-03 14:13:24] 尝试 1/3...
[2026-03-03 14:13:24] 启动 FortiClient GUI...
[2026-03-03 14:13:24] FortiClient 已在运行，先关闭...
[2026-03-03 14:13:29] ❌ FortiClient GUI 启动失败
[2026-03-03 14:13:29] 重试 1 失败：无法启动 FortiClient
[2026-03-03 14:13:39] 尝试 2/3...
[2026-03-03 14:13:39] 启动 FortiClient GUI...
[2026-03-03 14:13:42] ❌ FortiClient GUI 启动失败
[2026-03-03 14:13:42] 重试 2 失败：无法启动 FortiClient
[2026-03-03 14:13:52] 尝试 3/3...
[2026-03-03 14:13:52] 启动 FortiClient GUI...
[2026-03-03 14:13:55] ❌ FortiClient GUI 启动失败
[2026-03-03 14:13:55] 重试 3 失败：无法启动 FortiClient
[2026-03-03 14:14:05] ❌ VPN 重连失败（已尝试 3 次）
[2026-03-03 14:14:05] ========== VPN 重连失败 ==========
[2026-03-03 14:15:05] ❌ VPN 未连接，触发重连...
[2026-03-03 14:15:05] ========== VPN 重连开始 ==========
[2026-03-03 14:15:05] 尝试 1/3...
[2026-03-03 14:15:05] 启动 FortiClient GUI...
[2026-03-03 14:15:08] ❌ FortiClient GUI 启动失败
[2026-03-03 14:15:08] 重试 1 失败：无法启动 FortiClient
[2026-03-03 14:15:18] 尝试 2/3...
[2026-03-03 14:15:18] 启动 FortiClient GUI...
[2026-03-03 14:15:21] ❌ FortiClient GUI 启动失败
[2026-03-03 14:15:21] 重试 2 失败：无法启动 FortiClient
[2026-03-03 14:15:31] 尝试 3/3...
[2026-03-03 14:15:31] 启动 FortiClient GUI...
[2026-03-03 14:15:31] FortiClient 已在运行，先关闭...
[2026-03-03 14:15:36] ❌ FortiClient GUI 启动失败
[2026-03-03 14:15:36] 重试 3 失败：无法启动 FortiClient
[2026-03-03 14:15:46] ❌ VPN 重连失败（已尝试 3 次）
[2026-03-03 14:15:46] ========== VPN 重连失败 ==========
[2026-03-03 14:16:46] ❌ VPN 未连接，触发重连...
[2026-03-03 14:16:46] ========== VPN 重连开始 ==========
[2026-03-03 14:16:46] 尝试 1/3...
[2026-03-03 14:16:46] 启动 FortiClient GUI...
[2026-03-03 14:16:49] ❌ FortiClient GUI 启动失败
[2026-03-03 14:16:49] 重试 1 失败：无法启动 FortiClient
[2026-03-03 14:16:59] 尝试 2/3...
[2026-03-03 14:16:59] 启动 FortiClient GUI...
[2026-03-03 14:17:02] ❌ FortiClient GUI 启动失败
[2026-03-03 14:17:02] 重试 2 失败：无法启动 FortiClient
[2026-03-03 14:17:12] 尝试 3/3...
[2026-03-03 14:17:12] 启动 FortiClient GUI...
[2026-03-03 14:17:15] ❌ FortiClient GUI 启动失败
[2026-03-03 14:17:15] 重试 3 失败：无法启动 FortiClient
[2026-03-03 14:17:25] ❌ VPN 重连失败（已尝试 3 次）
[2026-03-03 14:17:25] ========== VPN 重连失败 ==========
[2026-03-03 14:18:25] ❌ VPN 未连接，触发重连...
[2026-03-03 14:18:25] ========== VPN 重连开始 ==========
[2026-03-03 14:18:25] 尝试 1/3...
[2026-03-03 14:18:25] 启动 FortiClient GUI...
[2026-03-03 14:18:25] FortiClient 已在运行，先关闭...
[2026-03-03 14:18:30] ❌ FortiClient GUI 启动失败
[2026-03-03 14:18:30] 重试 1 失败：无法启动 FortiClient
[2026-03-03 14:18:40] 尝试 2/3...
[2026-03-03 14:18:40] 启动 FortiClient GUI...
[2026-03-03 14:18:43] ❌ FortiClient GUI 启动失败
[2026-03-03 14:18:43] 重试 2 失败：无法启动 FortiClient
[2026-03-03 14:18:53] 尝试 3/3...
[2026-03-03 14:18:53] 启动 FortiClient GUI...
[2026-03-03 14:18:56] ❌ FortiClient GUI 启动失败
[2026-03-03 14:18:56] 重试 3 失败：无法启动 FortiClient
[2026-03-03 14:19:06] ❌ VPN 重连失败（已尝试 3 次）
[2026-03-03 14:19:06] ========== VPN 重连失败 ==========
[2026-03-03 14:20:06] ❌ VPN 未连接，触发重连...
[2026-03-03 14:20:06] ========== VPN 重连开始 ==========
[2026-03-03 14:20:06] 尝试 1/3...
[2026-03-03 14:20:06] 启动 FortiClient GUI...
[2026-03-03 14:20:10] ❌ FortiClient GUI 启动失败
[2026-03-03 14:20:10] 重试 1 失败：无法启动 FortiClient
[2026-03-03 14:20:20] 尝试 2/3...
[2026-03-03 14:20:20] 启动 FortiClient GUI...
[2026-03-03 14:20:23] ❌ FortiClient GUI 启动失败
[2026-03-03 14:20:23] 重试 2 失败：无法启动 FortiClient
[2026-03-03 14:20:33] 尝试 3/3...
[2026-03-03 14:20:33] 启动 FortiClient GUI...
[2026-03-03 14:20:33] FortiClient 已在运行，先关闭...
[2026-03-03 14:20:38] ❌ FortiClient GUI 启动失败
[2026-03-03 14:20:38] 重试 3 失败：无法启动 FortiClient
[2026-03-03 14:20:48] ❌ VPN 重连失败（已尝试 3 次）
[2026-03-03 14:20:48] ========== VPN 重连失败 ==========
[2026-03-03 14:21:48] ❌ VPN 未连接，触发重连...
[2026-03-03 14:21:48] ========== VPN 重连开始 ==========
[2026-03-03 14:21:48] 尝试 1/3...
[2026-03-03 14:21:48] 启动 FortiClient GUI...
[2026-03-03 14:21:51] ❌ FortiClient GUI 启动失败
[2026-03-03 14:21:51] 重试 1 失败：无法启动 FortiClient
[2026-03-03 14:22:01] 尝试 2/3...
[2026-03-03 14:22:01] 启动 FortiClient GUI...
[2026-03-03 14:22:04] ❌ FortiClient GUI 启动失败
[2026-03-03 14:22:04] 重试 2 失败：无法启动 FortiClient
[2026-03-03 14:22:14] 尝试 3/3...
[2026-03-03 14:22:14] 启动 FortiClient GUI...
[2026-03-03 14:22:17] ❌ FortiClient GUI 启动失败
[2026-03-03 14:22:17] 重试 3 失败：无法启动 FortiClient
[2026-03-03 14:22:27] ❌ VPN 重连失败（已尝试 3 次）
[2026-03-03 14:22:27] ========== VPN 重连失败 ==========
[2026-03-03 14:23:27] ❌ VPN 未连接，触发重连...
[2026-03-03 14:23:27] ========== VPN 重连开始 ==========
[2026-03-03 14:23:27] 尝试 1/3...
[2026-03-03 14:23:27] 启动 FortiClient GUI...
[2026-03-03 14:23:30] ❌ FortiClient GUI 启动失败
[2026-03-03 14:23:30] 重试 1 失败：无法启动 FortiClient
[2026-03-03 14:23:40] 尝试 2/3...
[2026-03-03 14:23:40] 启动 FortiClient GUI...
[2026-03-03 14:23:43] ❌ FortiClient GUI 启动失败
[2026-03-03 14:23:43] 重试 2 失败：无法启动 FortiClient
[2026-03-03 14:23:53] 尝试 3/3...
[2026-03-03 14:23:53] 启动 FortiClient GUI...
[2026-03-03 14:23:56] ❌ FortiClient GUI 启动失败
[2026-03-03 14:23:56] 重试 3 失败：无法启动 FortiClient
[2026-03-03 14:24:06] ❌ VPN 重连失败（已尝试 3 次）
[2026-03-03 14:24:06] ========== VPN 重连失败 ==========
[2026-03-03 14:25:06] ✅ VPN 已连接
[2026-03-03 14:26:06] ✅ VPN 已连接
[2026-03-03 14:27:06] ✅ VPN 已连接
[2026-03-03 14:28:06] ✅ VPN 已连接
[2026-03-03 14:29:06] ✅ VPN 已连接
[2026-03-03 14:30:07] ✅ VPN 已连接
[2026-03-03 14:31:07] ✅ VPN 已连接
[2026-03-03 14:32:07] ✅ VPN 已连接
[2026-03-03 14:33:07] ✅ VPN 已连接
[2026-03-03 14:34:07] ✅ VPN 已连接
[2026-03-03 14:35:07] ✅ VPN 已连接
[2026-03-03 14:36:07] ✅ VPN 已连接
[2026-03-03 14:37:07] ✅ VPN 已连接
[2026-03-03 14:38:07] ❌ VPN 未连接，触发重连...
[2026-03-03 14:38:07] ========== VPN 重连开始 ==========
[2026-03-03 14:38:07] 尝试 1/3...
[2026-03-03 14:38:07] 启动 FortiClient GUI...
[2026-03-03 14:38:07] FortiClient 已在运行，先关闭...
[2026-03-03 14:38:12] ✅ FortiClient GUI 已启动
[2026-03-03 14:38:12] 触发 VPN 连接（Playwright 自动化）...
[2026-03-03 14:39:22] 重试 1 失败：自动登录失败
[2026-03-03 14:39:32] 尝试 2/3...
[2026-03-03 14:39:32] 启动 FortiClient GUI...
[2026-03-03 14:39:35] ❌ FortiClient GUI 启动失败
[2026-03-03 14:39:35] 重试 2 失败：无法启动 FortiClient
[2026-03-03 14:39:45] 尝试 3/3...
[2026-03-03 14:39:45] 启动 FortiClient GUI...
[2026-03-03 14:39:45] FortiClient 已在运行，先关闭...
[2026-03-03 14:39:50] ❌ FortiClient GUI 启动失败
[2026-03-03 14:39:50] 重试 3 失败：无法启动 FortiClient
[2026-03-03 14:40:00] ❌ VPN 重连失败（已尝试 3 次）
[2026-03-03 14:40:00] ========== VPN 重连失败 ==========
[2026-03-03 14:41:00] ❌ VPN 未连接，触发重连...
[2026-03-03 14:41:00] ========== VPN 重连开始 ==========
[2026-03-03 14:41:00] 尝试 1/3...
[2026-03-03 14:41:00] 启动 FortiClient GUI...
[2026-03-03 14:41:03] ❌ FortiClient GUI 启动失败
[2026-03-03 14:41:03] 重试 1 失败：无法启动 FortiClient
[2026-03-03 14:41:13] 尝试 2/3...
[2026-03-03 14:41:13] 启动 FortiClient GUI...
[2026-03-03 14:41:16] ❌ FortiClient GUI 启动失败
[2026-03-03 14:41:16] 重试 2 失败：无法启动 FortiClient
[2026-03-03 14:41:26] 尝试 3/3...
[2026-03-03 14:41:26] 启动 FortiClient GUI...
[2026-03-03 14:41:29] ❌ FortiClient GUI 启动失败
[2026-03-03 14:41:29] 重试 3 失败：无法启动 FortiClient
[2026-03-03 14:41:39] ❌ VPN 重连失败（已尝试 3 次）
[2026-03-03 14:41:39] ========== VPN 重连失败 ==========
[2026-03-03 14:42:40] ✅ VPN 已连接
[2026-03-03 14:43:40] ✅ VPN 已连接
[2026-03-03 14:44:40] ✅ VPN 已连接
[2026-03-03 14:45:40] ✅ VPN 已连接
[2026-03-03 14:46:40] ✅ VPN 已连接
[2026-03-03 14:47:40] ❌ VPN 未连接，触发重连...
[2026-03-03 14:47:40] ========== VPN 重连开始 ==========
[2026-03-03 14:47:40] 尝试 1/3...
[2026-03-03 14:47:40] 启动 FortiClient GUI...
[2026-03-03 14:47:40] FortiClient 已在运行，先关闭...
[2026-03-03 14:47:45] ❌ FortiClient GUI 启动失败
[2026-03-03 14:47:45] 重试 1 失败：无法启动 FortiClient
[2026-03-03 14:47:55] 尝试 2/3...
[2026-03-03 14:47:55] 启动 FortiClient GUI...
[2026-03-03 14:47:58] ❌ FortiClient GUI 启动失败
[2026-03-03 14:47:58] 重试 2 失败：无法启动 FortiClient
[2026-03-03 14:48:08] 尝试 3/3...
[2026-03-03 14:48:08] 启动 FortiClient GUI...
[2026-03-03 14:48:11] ❌ FortiClient GUI 启动失败
[2026-03-03 14:48:11] 重试 3 失败：无法启动 FortiClient
[2026-03-03 14:48:21] ❌ VPN 重连失败（已尝试 3 次）
[2026-03-03 14:48:21] ========== VPN 重连失败 ==========
[2026-03-03 14:49:21] ❌ VPN 未连接，触发重连...
[2026-03-03 14:49:21] ========== VPN 重连开始 ==========
[2026-03-03 14:49:21] 尝试 1/3...
[2026-03-03 14:49:21] 启动 FortiClient GUI...
[2026-03-03 14:49:24] ❌ FortiClient GUI 启动失败
[2026-03-03 14:49:24] 重试 1 失败：无法启动 FortiClient
[2026-03-03 14:49:34] 尝试 2/3...
[2026-03-03 14:49:34] 启动 FortiClient GUI...
[2026-03-03 14:49:37] ❌ FortiClient GUI 启动失败
[2026-03-03 14:49:37] 重试 2 失败：无法启动 FortiClient
[2026-03-03 14:49:47] 尝试 3/3...
[2026-03-03 14:49:47] 启动 FortiClient GUI...
[2026-03-03 14:49:50] ❌ FortiClient GUI 启动失败
[2026-03-03 14:49:50] 重试 3 失败：无法启动 FortiClient
[2026-03-03 14:50:00] ❌ VPN 重连失败（已尝试 3 次）
[2026-03-03 14:50:00] ========== VPN 重连失败 ==========
[2026-03-03 14:51:00] ✅ VPN 已连接
[2026-03-03 14:52:00] ✅ VPN 已连接
[2026-03-03 14:53:00] ✅ VPN 已连接
[2026-03-03 14:54:00] ❌ VPN 未连接，触发重连...
[2026-03-03 14:54:00] ========== VPN 重连开始 ==========
[2026-03-03 14:54:00] 尝试 1/3...
[2026-03-03 14:54:00] 启动 FortiClient GUI...
[2026-03-03 14:54:00] FortiClient 已在运行，先关闭...
[2026-03-03 14:54:05] ✅ FortiClient GUI 已启动
[2026-03-03 14:54:05] 触发 VPN 连接（Playwright 自动化）...
[2026-03-03 14:55:15] 重试 1 失败：自动登录失败
[2026-03-03 14:55:25] 尝试 2/3...
[2026-03-03 14:55:25] 启动 FortiClient GUI...
[2026-03-03 14:55:28] ❌ FortiClient GUI 启动失败
[2026-03-03 14:55:28] 重试 2 失败：无法启动 FortiClient
[2026-03-03 14:55:38] 尝试 3/3...
[2026-03-03 14:55:38] 启动 FortiClient GUI...
[2026-03-03 14:55:41] ❌ FortiClient GUI 启动失败
[2026-03-03 14:55:41] 重试 3 失败：无法启动 FortiClient
[2026-03-03 14:55:51] ❌ VPN 重连失败（已尝试 3 次）
[2026-03-03 14:55:51] ========== VPN 重连失败 ==========
[2026-03-03 14:56:51] ❌ VPN 未连接，触发重连...
[2026-03-03 14:56:51] ========== VPN 重连开始 ==========
[2026-03-03 14:56:51] 尝试 1/3...
[2026-03-03 14:56:51] 启动 FortiClient GUI...
[2026-03-03 14:56:51] FortiClient 已在运行，先关闭...
[2026-03-03 14:56:57] ❌ FortiClient GUI 启动失败
[2026-03-03 14:56:57] 重试 1 失败：无法启动 FortiClient
[2026-03-03 14:57:07] 尝试 2/3...
[2026-03-03 14:57:07] 启动 FortiClient GUI...
[2026-03-03 14:57:10] ❌ FortiClient GUI 启动失败
[2026-03-03 14:57:10] 重试 2 失败：无法启动 FortiClient
[2026-03-03 14:57:20] 尝试 3/3...
[2026-03-03 14:57:20] 启动 FortiClient GUI...
[2026-03-03 14:57:23] ❌ FortiClient GUI 启动失败
[2026-03-03 14:57:23] 重试 3 失败：无法启动 FortiClient
[2026-03-03 14:57:33] ❌ VPN 重连失败（已尝试 3 次）
[2026-03-03 14:57:33] ========== VPN 重连失败 ==========
[2026-03-03 14:58:33] ✅ VPN 已连接
[2026-03-03 14:59:33] ✅ VPN 已连接
[2026-03-03 15:00:33] ✅ VPN 已连接
[2026-03-03 15:01:33] ✅ VPN 已连接
[2026-03-03 15:02:33] ✅ VPN 已连接
[2026-03-03 15:03:33] ✅ VPN 已连接
[2026-03-03 15:04:33] ✅ VPN 已连接
[2026-03-03 15:05:33] ✅ VPN 已连接
[2026-03-03 15:06:33] ✅ VPN 已连接
[2026-03-03 15:07:33] ✅ VPN 已连接
[2026-03-03 15:08:33] ✅ VPN 已连接
[2026-03-03 15:09:33] ✅ VPN 已连接
[2026-03-03 15:10:33] ✅ VPN 已连接
[2026-03-03 15:11:33] ✅ VPN 已连接
[2026-03-03 15:12:33] ✅ VPN 已连接
[2026-03-03 15:13:33] ✅ VPN 已连接
[2026-03-03 15:14:34] ✅ VPN 已连接
[2026-03-03 15:15:34] ✅ VPN 已连接
[2026-03-03 15:16:34] ✅ VPN 已连接
[2026-03-03 15:17:34] ✅ VPN 已连接
[2026-03-03 15:18:34] ✅ VPN 已连接
[2026-03-03 15:19:34] ✅ VPN 已连接
[2026-03-03 15:20:34] ✅ VPN 已连接
[2026-03-03 15:21:34] ✅ VPN 已连接
[2026-03-03 15:22:34] ✅ VPN 已连接
[2026-03-03 15:23:34] ✅ VPN 已连接
[2026-03-03 15:24:34] ✅ VPN 已连接
[2026-03-03 15:25:34] ✅ VPN 已连接
[2026-03-03 15:26:34] ✅ VPN 已连接
[2026-03-03 15:27:34] ✅ VPN 已连接
[2026-03-03 15:28:34] ✅ VPN 已连接
[2026-03-03 15:29:34] ✅ VPN 已连接
[2026-03-03 15:30:34] ✅ VPN 已连接
[2026-03-03 15:31:34] ✅ VPN 已连接
[2026-03-03 15:32:34] ✅ VPN 已连接
[2026-03-03 15:33:35] ✅ VPN 已连接
[2026-03-03 15:34:35] ✅ VPN 已连接
[2026-03-03 15:35:35] ✅ VPN 已连接
[2026-03-03 15:36:35] ✅ VPN 已连接
[2026-03-03 15:37:35] ✅ VPN 已连接
[2026-03-03 15:38:35] ✅ VPN 已连接
[2026-03-03 15:39:35] ✅ VPN 已连接
[2026-03-03 15:40:35] ✅ VPN 已连接
[2026-03-03 15:41:35] ✅ VPN 已连接
[2026-03-03 15:42:35] ✅ VPN 已连接
[2026-03-03 15:43:35] ✅ VPN 已连接
[2026-03-03 15:44:35] ✅ VPN 已连接
[2026-03-03 15:45:35] ✅ VPN 已连接
[2026-03-03 15:46:35] ✅ VPN 已连接
[2026-03-03 15:47:35] ✅ VPN 已连接
[2026-03-03 15:48:35] ✅ VPN 已连接
[2026-03-03 15:49:36] ✅ VPN 已连接
[2026-03-03 15:50:36] ✅ VPN 已连接
[2026-03-03 15:51:36] ✅ VPN 已连接
[2026-03-03 15:52:36] ✅ VPN 已连接
[2026-03-03 15:53:36] ✅ VPN 已连接
[2026-03-03 15:54:36] ✅ VPN 已连接
[2026-03-03 15:55:36] ✅ VPN 已连接
[2026-03-03 15:56:36] ✅ VPN 已连接
[2026-03-03 15:57:36] ✅ VPN 已连接
[2026-03-03 15:58:36] ✅ VPN 已连接
[2026-03-03 15:59:36] ✅ VPN 已连接
[2026-03-03 16:00:36] ✅ VPN 已连接
[2026-03-03 16:01:36] ✅ VPN 已连接
[2026-03-03 16:02:36] ✅ VPN 已连接
[2026-03-03 16:03:36] ✅ VPN 已连接
[2026-03-03 16:04:36] ✅ VPN 已连接
[2026-03-03 16:05:36] ✅ VPN 已连接
[2026-03-03 16:06:36] ✅ VPN 已连接
[2026-03-03 16:07:36] ✅ VPN 已连接
[2026-03-03 16:08:37] ✅ VPN 已连接
[2026-03-03 16:09:37] ✅ VPN 已连接
[2026-03-03 16:10:37] ✅ VPN 已连接
[2026-03-03 16:11:37] ✅ VPN 已连接
[2026-03-03 16:12:37] ✅ VPN 已连接
[2026-03-03 16:13:37] ✅ VPN 已连接
[2026-03-03 16:14:37] ✅ VPN 已连接
[2026-03-03 16:15:37] ✅ VPN 已连接
[2026-03-03 16:16:37] ✅ VPN 已连接
[2026-03-03 16:17:37] ✅ VPN 已连接
[2026-03-03 16:18:37] ✅ VPN 已连接
[2026-03-03 16:19:37] ✅ VPN 已连接
[2026-03-03 16:20:37] ✅ VPN 已连接
[2026-03-03 16:21:37] ✅ VPN 已连接
[2026-03-03 16:22:37] ✅ VPN 已连接
[2026-03-03 16:23:37] ✅ VPN 已连接
[2026-03-03 16:24:38] ✅ VPN 已连接
[2026-03-03 16:25:38] ✅ VPN 已连接
[2026-03-03 16:26:38] ✅ VPN 已连接
[2026-03-03 16:27:38] ✅ VPN 已连接
[2026-03-03 16:28:38] ✅ VPN 已连接
[2026-03-03 16:29:38] ✅ VPN 已连接
[2026-03-03 16:30:38] ✅ VPN 已连接
[2026-03-03 16:31:38] ✅ VPN 已连接
[2026-03-03 16:32:38] ✅ VPN 已连接
[2026-03-03 16:33:38] ✅ VPN 已连接
[2026-03-03 16:34:38] ✅ VPN 已连接
[2026-03-03 16:35:38] ✅ VPN 已连接
[2026-03-03 16:36:38] ✅ VPN 已连接
[2026-03-03 16:37:38] ✅ VPN 已连接
[2026-03-03 16:38:38] ✅ VPN 已连接
[2026-03-03 16:39:38] ✅ VPN 已连接
[2026-03-03 16:40:38] ✅ VPN 已连接
[2026-03-03 16:41:39] ✅ VPN 已连接
[2026-03-03 16:42:39] ✅ VPN 已连接
[2026-03-03 16:43:39] ✅ VPN 已连接
[2026-03-03 16:44:39] ✅ VPN 已连接
[2026-03-03 16:45:39] ✅ VPN 已连接
[2026-03-03 16:46:39] ✅ VPN 已连接
[2026-03-03 16:47:39] ✅ VPN 已连接
[2026-03-03 16:48:39] ✅ VPN 已连接
[2026-03-03 16:49:39] ✅ VPN 已连接
[2026-03-03 16:50:39] ✅ VPN 已连接
[2026-03-03 16:51:39] ✅ VPN 已连接
[2026-03-03 16:52:39] ✅ VPN 已连接
[2026-03-03 16:53:39] ✅ VPN 已连接
[2026-03-03 16:54:39] ✅ VPN 已连接
[2026-03-03 16:55:39] ✅ VPN 已连接
[2026-03-03 16:56:39] ✅ VPN 已连接
[2026-03-03 16:57:39] ✅ VPN 已连接
[2026-03-03 16:58:39] ✅ VPN 已连接
[2026-03-03 16:59:40] ✅ VPN 已连接
[2026-03-03 17:00:40] ✅ VPN 已连接
[2026-03-03 17:01:40] ✅ VPN 已连接
[2026-03-03 17:02:40] ✅ VPN 已连接
[2026-03-03 17:03:40] ✅ VPN 已连接
[2026-03-03 17:04:40] ✅ VPN 已连接
[2026-03-03 17:05:40] ✅ VPN 已连接
[2026-03-03 17:06:40] ✅ VPN 已连接
[2026-03-03 17:07:40] ✅ VPN 已连接
[2026-03-03 17:08:40] ✅ VPN 已连接
[2026-03-03 17:09:40] ✅ VPN 已连接
[2026-03-03 17:10:40] ✅ VPN 已连接
[2026-03-03 17:11:40] ✅ VPN 已连接
[2026-03-03 17:12:40] ✅ VPN 已连接
[2026-03-03 17:13:40] ✅ VPN 已连接
[2026-03-03 17:14:40] ✅ VPN 已连接
[2026-03-03 17:15:40] ✅ VPN 已连接
[2026-03-03 17:16:41] ✅ VPN 已连接
[2026-03-03 17:17:41] ✅ VPN 已连接
[2026-03-03 17:18:41] ✅ VPN 已连接
[2026-03-03 17:19:41] ✅ VPN 已连接
[2026-03-03 17:20:41] ✅ VPN 已连接
[2026-03-03 17:21:41] ✅ VPN 已连接
[2026-03-03 17:22:41] ✅ VPN 已连接
[2026-03-03 17:23:41] ✅ VPN 已连接
[2026-03-03 17:24:41] ✅ VPN 已连接
[2026-03-03 17:25:41] ✅ VPN 已连接
[2026-03-03 17:26:41] ✅ VPN 已连接
[2026-03-03 17:27:41] ✅ VPN 已连接
[2026-03-03 17:28:41] ✅ VPN 已连接
[2026-03-03 17:29:41] ✅ VPN 已连接
[2026-03-03 17:30:41] ✅ VPN 已连接
[2026-03-03 17:31:41] ✅ VPN 已连接
[2026-03-03 17:32:41] ✅ VPN 已连接
[2026-03-03 17:33:41] ✅ VPN 已连接
[2026-03-03 17:34:42] ✅ VPN 已连接
[2026-03-03 17:35:42] ✅ VPN 已连接
[2026-03-03 17:36:42] ✅ VPN 已连接
[2026-03-03 17:37:42] ✅ VPN 已连接
[2026-03-03 17:38:42] ✅ VPN 已连接
[2026-03-03 17:39:42] ✅ VPN 已连接
[2026-03-03 17:40:42] ✅ VPN 已连接
[2026-03-03 17:41:42] ✅ VPN 已连接
[2026-03-03 17:42:42] ✅ VPN 已连接
[2026-03-03 17:43:42] ✅ VPN 已连接
[2026-03-03 17:44:42] ✅ VPN 已连接
[2026-03-03 17:45:42] ✅ VPN 已连接
[2026-03-03 17:46:42] ✅ VPN 已连接
[2026-03-03 17:47:42] ✅ VPN 已连接
[2026-03-03 17:48:42] ✅ VPN 已连接
[2026-03-03 17:49:42] ✅ VPN 已连接
[2026-03-03 17:50:42] ✅ VPN 已连接
[2026-03-03 17:51:43] ✅ VPN 已连接
[2026-03-03 17:52:43] ✅ VPN 已连接
[2026-03-03 17:53:43] ✅ VPN 已连接
[2026-03-03 17:54:43] ✅ VPN 已连接
[2026-03-03 17:55:43] ✅ VPN 已连接
[2026-03-03 17:56:43] ✅ VPN 已连接
[2026-03-03 17:57:43] ✅ VPN 已连接
[2026-03-03 17:58:43] ✅ VPN 已连接
[2026-03-03 17:59:43] ✅ VPN 已连接
[2026-03-03 18:00:43] ✅ VPN 已连接
[2026-03-03 18:01:43] ✅ VPN 已连接
[2026-03-03 18:02:43] ✅ VPN 已连接
[2026-03-03 18:03:43] ✅ VPN 已连接
[2026-03-03 18:04:43] ✅ VPN 已连接
[2026-03-03 18:05:43] ✅ VPN 已连接
[2026-03-03 18:06:43] ✅ VPN 已连接
[2026-03-03 18:07:44] ✅ VPN 已连接
[2026-03-03 18:08:44] ✅ VPN 已连接
[2026-03-03 18:09:44] ✅ VPN 已连接
[2026-03-03 18:10:44] ✅ VPN 已连接
[2026-03-03 18:11:44] ✅ VPN 已连接
[2026-03-03 18:12:44] ✅ VPN 已连接
[2026-03-03 18:13:44] ✅ VPN 已连接
[2026-03-03 18:14:44] ✅ VPN 已连接
[2026-03-03 18:15:44] ✅ VPN 已连接
[2026-03-03 18:16:44] ✅ VPN 已连接
[2026-03-03 18:17:44] ✅ VPN 已连接
[2026-03-03 18:18:44] ✅ VPN 已连接
[2026-03-03 18:19:44] ✅ VPN 已连接
[2026-03-03 18:20:44] ✅ VPN 已连接
[2026-03-03 18:21:44] ✅ VPN 已连接
[2026-03-03 18:22:44] ✅ VPN 已连接
[2026-03-03 18:23:44] ✅ VPN 已连接
[2026-03-03 18:24:45] ✅ VPN 已连接
[2026-03-03 18:25:45] ✅ VPN 已连接
[2026-03-03 18:26:45] ✅ VPN 已连接
[2026-03-03 18:27:45] ✅ VPN 已连接
[2026-03-03 18:28:45] ✅ VPN 已连接
[2026-03-03 18:29:45] ✅ VPN 已连接
[2026-03-03 18:30:45] ✅ VPN 已连接
[2026-03-03 18:31:45] ✅ VPN 已连接
[2026-03-03 18:32:45] ✅ VPN 已连接
[2026-03-03 18:33:45] ✅ VPN 已连接
[2026-03-03 18:34:45] ✅ VPN 已连接
[2026-03-03 18:35:45] ✅ VPN 已连接
[2026-03-03 18:36:45] ✅ VPN 已连接
[2026-03-03 18:37:45] ✅ VPN 已连接
[2026-03-03 18:38:45] ✅ VPN 已连接
[2026-03-03 18:39:46] ✅ VPN 已连接
[2026-03-03 18:40:46] ✅ VPN 已连接
[2026-03-03 18:41:46] ✅ VPN 已连接
[2026-03-03 18:42:46] ✅ VPN 已连接
[2026-03-03 18:43:46] ✅ VPN 已连接
[2026-03-03 18:44:46] ✅ VPN 已连接
[2026-03-03 18:45:46] ✅ VPN 已连接
[2026-03-03 18:46:46] ✅ VPN 已连接
[2026-03-03 18:47:46] ✅ VPN 已连接
[2026-03-03 18:48:46] ✅ VPN 已连接
[2026-03-03 18:49:46] ✅ VPN 已连接
[2026-03-03 18:50:46] ✅ VPN 已连接
[2026-03-03 18:51:46] ✅ VPN 已连接
[2026-03-03 18:52:46] ✅ VPN 已连接
[2026-03-03 18:53:46] ✅ VPN 已连接
[2026-03-03 18:54:46] ✅ VPN 已连接
[2026-03-03 18:55:46] ✅ VPN 已连接
[2026-03-03 18:56:47] ✅ VPN 已连接
[2026-03-03 18:57:47] ✅ VPN 已连接
[2026-03-03 18:58:47] ✅ VPN 已连接
[2026-03-03 18:59:47] ✅ VPN 已连接
[2026-03-03 19:00:47] ✅ VPN 已连接
[2026-03-03 19:01:47] ✅ VPN 已连接
[2026-03-03 19:02:47] ✅ VPN 已连接
[2026-03-03 19:03:47] ✅ VPN 已连接
[2026-03-03 19:04:47] ✅ VPN 已连接
[2026-03-03 19:05:47] ✅ VPN 已连接
[2026-03-03 19:06:47] ✅ VPN 已连接
[2026-03-03 19:07:47] ✅ VPN 已连接
[2026-03-03 19:08:47] ✅ VPN 已连接
[2026-03-03 19:09:47] ✅ VPN 已连接
[2026-03-03 19:10:47] ✅ VPN 已连接
[2026-03-03 19:11:47] ✅ VPN 已连接
[2026-03-03 19:12:48] ✅ VPN 已连接
[2026-03-03 19:13:48] ✅ VPN 已连接
[2026-03-03 19:14:48] ✅ VPN 已连接
[2026-03-03 19:15:48] ✅ VPN 已连接
[2026-03-03 19:16:48] ✅ VPN 已连接
[2026-03-03 19:17:48] ✅ VPN 已连接
[2026-03-03 19:18:48] ✅ VPN 已连接
[2026-03-03 19:19:48] ✅ VPN 已连接
[2026-03-03 19:20:48] ✅ VPN 已连接
[2026-03-03 19:21:48] ✅ VPN 已连接
[2026-03-03 19:22:48] ✅ VPN 已连接
[2026-03-03 19:23:48] ✅ VPN 已连接
[2026-03-03 19:24:48] ✅ VPN 已连接
[2026-03-03 19:25:48] ✅ VPN 已连接
[2026-03-03 19:26:48] ✅ VPN 已连接
[2026-03-03 19:27:49] ✅ VPN 已连接
[2026-03-03 19:28:49] ✅ VPN 已连接
[2026-03-03 19:29:49] ✅ VPN 已连接
[2026-03-03 19:30:49] ✅ VPN 已连接
[2026-03-03 19:31:49] ✅ VPN 已连接
[2026-03-03 19:32:49] ✅ VPN 已连接
[2026-03-03 19:33:49] ✅ VPN 已连接
[2026-03-03 19:34:49] ✅ VPN 已连接
[2026-03-03 19:35:49] ✅ VPN 已连接
[2026-03-03 19:36:49] ✅ VPN 已连接
[2026-03-03 19:37:49] ✅ VPN 已连接
[2026-03-03 19:38:49] ✅ VPN 已连接
[2026-03-03 19:39:49] ✅ VPN 已连接
[2026-03-03 19:40:49] ✅ VPN 已连接
[2026-03-03 19:41:49] ✅ VPN 已连接
[2026-03-03 19:42:49] ✅ VPN 已连接
[2026-03-03 19:43:49] ✅ VPN 已连接
[2026-03-03 19:44:49] ✅ VPN 已连接
[2026-03-03 19:45:49] ✅ VPN 已连接
[2026-03-03 19:46:50] ✅ VPN 已连接
[2026-03-03 19:47:50] ✅ VPN 已连接
[2026-03-03 19:48:50] ✅ VPN 已连接
[2026-03-03 19:49:50] ✅ VPN 已连接
[2026-03-03 19:50:50] ✅ VPN 已连接
[2026-03-03 19:51:50] ✅ VPN 已连接
[2026-03-03 19:52:50] ✅ VPN 已连接
[2026-03-03 19:53:50] ✅ VPN 已连接
[2026-03-03 19:54:50] ✅ VPN 已连接
[2026-03-03 19:55:50] ✅ VPN 已连接
[2026-03-03 19:56:50] ✅ VPN 已连接
[2026-03-03 19:57:50] ✅ VPN 已连接
[2026-03-03 19:58:50] ✅ VPN 已连接
[2026-03-03 19:59:50] ✅ VPN 已连接
[2026-03-03 20:00:50] ✅ VPN 已连接
[2026-03-03 20:01:50] ✅ VPN 已连接
[2026-03-03 20:02:50] ✅ VPN 已连接
[2026-03-03 20:03:51] ✅ VPN 已连接
[2026-03-03 20:04:51] ✅ VPN 已连接
[2026-03-03 20:05:51] ✅ VPN 已连接
[2026-03-03 20:06:51] ✅ VPN 已连接
[2026-03-03 20:07:51] ✅ VPN 已连接
[2026-03-03 20:08:51] ✅ VPN 已连接
[2026-03-03 20:09:51] ✅ VPN 已连接
[2026-03-03 20:10:51] ✅ VPN 已连接
[2026-03-03 20:11:51] ✅ VPN 已连接
[2026-03-03 20:12:51] ✅ VPN 已连接
[2026-03-03 20:13:51] ✅ VPN 已连接
[2026-03-03 20:14:51] ✅ VPN 已连接
[2026-03-03 20:15:51] ✅ VPN 已连接
[2026-03-03 20:16:51] ✅ VPN 已连接
[2026-03-03 20:17:51] ✅ VPN 已连接
[2026-03-03 20:18:51] ✅ VPN 已连接
[2026-03-03 20:19:51] ✅ VPN 已连接
[2026-03-03 20:20:51] ✅ VPN 已连接
[2026-03-03 20:21:51] ✅ VPN 已连接
[2026-03-03 20:22:52] ✅ VPN 已连接
[2026-03-03 20:23:52] ✅ VPN 已连接
[2026-03-03 20:24:52] ✅ VPN 已连接
[2026-03-03 20:25:52] ✅ VPN 已连接
[2026-03-03 20:26:52] ✅ VPN 已连接
[2026-03-03 20:27:52] ✅ VPN 已连接
[2026-03-03 20:28:52] ✅ VPN 已连接
[2026-03-03 20:29:52] ✅ VPN 已连接
[2026-03-03 20:30:52] ✅ VPN 已连接
[2026-03-03 20:31:52] ✅ VPN 已连接
[2026-03-03 20:32:52] ✅ VPN 已连接
[2026-03-03 20:33:52] ✅ VPN 已连接
[2026-03-03 20:34:52] ✅ VPN 已连接
[2026-03-03 20:35:52] ✅ VPN 已连接
[2026-03-03 20:36:52] ✅ VPN 已连接
[2026-03-03 20:37:52] ✅ VPN 已连接
[2026-03-03 20:38:52] ✅ VPN 已连接
[2026-03-03 20:39:52] ✅ VPN 已连接
[2026-03-03 20:40:52] ✅ VPN 已连接
[2026-03-03 20:41:52] ✅ VPN 已连接
[2026-03-03 20:42:53] ✅ VPN 已连接
[2026-03-03 20:43:53] ✅ VPN 已连接
[2026-03-03 20:44:53] ✅ VPN 已连接
[2026-03-03 20:45:53] ✅ VPN 已连接
[2026-03-03 20:46:53] ✅ VPN 已连接
[2026-03-03 20:47:53] ✅ VPN 已连接
[2026-03-03 20:48:53] ✅ VPN 已连接
[2026-03-03 20:49:53] ✅ VPN 已连接
[2026-03-03 20:50:53] ✅ VPN 已连接
[2026-03-03 20:51:53] ✅ VPN 已连接
[2026-03-03 20:52:53] ✅ VPN 已连接
[2026-03-03 20:53:53] ✅ VPN 已连接
[2026-03-03 20:54:53] ✅ VPN 已连接
[2026-03-03 20:55:53] ✅ VPN 已连接
[2026-03-03 20:56:53] ✅ VPN 已连接
[2026-03-03 20:57:53] ✅ VPN 已连接
[2026-03-03 20:58:53] ✅ VPN 已连接
[2026-03-03 20:59:53] ✅ VPN 已连接
[2026-03-03 21:00:53] ✅ VPN 已连接
[2026-03-03 21:01:54] ✅ VPN 已连接
[2026-03-03 21:02:54] ✅ VPN 已连接
[2026-03-03 21:03:54] ✅ VPN 已连接
[2026-03-03 21:04:54] ✅ VPN 已连接
[2026-03-03 21:05:54] ✅ VPN 已连接
[2026-03-03 21:06:54] ✅ VPN 已连接
[2026-03-03 21:07:54] ✅ VPN 已连接
[2026-03-03 21:08:54] ✅ VPN 已连接
[2026-03-03 21:09:54] ✅ VPN 已连接
[2026-03-03 21:10:54] ✅ VPN 已连接
[2026-03-03 21:11:54] ✅ VPN 已连接
[2026-03-03 21:12:54] ✅ VPN 已连接
[2026-03-03 21:13:54] ✅ VPN 已连接
[2026-03-03 21:14:54] ✅ VPN 已连接
[2026-03-03 21:15:54] ✅ VPN 已连接
[2026-03-03 21:16:55] ✅ VPN 已连接
[2026-03-03 21:17:55] ✅ VPN 已连接
[2026-03-03 21:18:55] ✅ VPN 已连接
[2026-03-03 21:19:55] ✅ VPN 已连接
[2026-03-03 21:20:55] ✅ VPN 已连接
[2026-03-03 21:21:55] ✅ VPN 已连接
[2026-03-03 21:22:55] ✅ VPN 已连接
[2026-03-03 21:23:55] ✅ VPN 已连接
[2026-03-03 21:24:55] ✅ VPN 已连接
[2026-03-03 21:25:55] ✅ VPN 已连接
[2026-03-03 21:26:55] ✅ VPN 已连接
[2026-03-03 21:27:55] ✅ VPN 已连接
[2026-03-03 21:28:55] ✅ VPN 已连接
[2026-03-03 21:29:55] ✅ VPN 已连接
[2026-03-03 21:30:55] ✅ VPN 已连接
[2026-03-03 21:31:55] ✅ VPN 已连接
[2026-03-03 21:32:55] ✅ VPN 已连接
[2026-03-03 21:33:56] ✅ VPN 已连接
[2026-03-03 21:34:56] ✅ VPN 已连接
[2026-03-03 21:35:56] ✅ VPN 已连接
[2026-03-03 21:36:56] ✅ VPN 已连接
[2026-03-03 21:37:56] ✅ VPN 已连接
[2026-03-03 21:38:56] ✅ VPN 已连接
[2026-03-03 21:39:56] ✅ VPN 已连接
[2026-03-03 21:40:56] ✅ VPN 已连接
[2026-03-03 21:41:56] ✅ VPN 已连接
[2026-03-03 21:42:56] ✅ VPN 已连接
[2026-03-03 21:43:56] ✅ VPN 已连接
[2026-03-03 21:44:56] ✅ VPN 已连接
[2026-03-03 21:45:56] ✅ VPN 已连接
[2026-03-03 21:46:56] ✅ VPN 已连接
[2026-03-03 21:47:56] ✅ VPN 已连接
[2026-03-03 21:48:56] ✅ VPN 已连接
[2026-03-03 21:49:56] ✅ VPN 已连接
[2026-03-03 21:50:57] ✅ VPN 已连接
[2026-03-03 21:51:57] ✅ VPN 已连接
[2026-03-03 21:52:57] ✅ VPN 已连接
[2026-03-03 21:53:57] ✅ VPN 已连接
[2026-03-03 21:54:57] ✅ VPN 已连接
[2026-03-03 21:55:57] ✅ VPN 已连接
[2026-03-03 21:56:57] ✅ VPN 已连接
[2026-03-03 21:57:57] ✅ VPN 已连接
[2026-03-03 21:58:57] ✅ VPN 已连接
[2026-03-03 21:59:57] ✅ VPN 已连接
[2026-03-03 22:00:57] ✅ VPN 已连接
[2026-03-03 22:01:57] ✅ VPN 已连接
[2026-03-03 22:02:57] ✅ VPN 已连接
[2026-03-03 22:03:57] ✅ VPN 已连接
[2026-03-03 22:04:57] ✅ VPN 已连接
[2026-03-03 22:05:57] ✅ VPN 已连接
[2026-03-03 22:06:57] ✅ VPN 已连接
[2026-03-03 22:07:57] ✅ VPN 已连接
[2026-03-03 22:08:58] ✅ VPN 已连接
[2026-03-03 22:09:58] ✅ VPN 已连接
[2026-03-03 22:10:58] ✅ VPN 已连接
[2026-03-03 22:11:58] ✅ VPN 已连接
[2026-03-03 22:12:58] ✅ VPN 已连接
[2026-03-03 22:13:58] ✅ VPN 已连接
[2026-03-03 22:14:58] ✅ VPN 已连接
[2026-03-03 22:15:58] ✅ VPN 已连接
[2026-03-03 22:16:58] ✅ VPN 已连接
[2026-03-03 22:17:58] ✅ VPN 已连接
[2026-03-03 22:18:58] ✅ VPN 已连接
[2026-03-03 22:19:58] ✅ VPN 已连接
[2026-03-03 22:20:58] ✅ VPN 已连接
[2026-03-03 22:21:58] ✅ VPN 已连接
[2026-03-03 22:22:58] ✅ VPN 已连接
[2026-03-03 22:23:58] ✅ VPN 已连接
[2026-03-03 22:24:59] ✅ VPN 已连接
[2026-03-03 22:25:59] ✅ VPN 已连接
[2026-03-03 22:26:59] ✅ VPN 已连接
[2026-03-03 22:27:59] ✅ VPN 已连接
[2026-03-03 22:28:59] ✅ VPN 已连接
[2026-03-03 22:29:59] ✅ VPN 已连接
[2026-03-03 22:30:59] ✅ VPN 已连接
[2026-03-03 22:31:59] ✅ VPN 已连接
[2026-03-03 22:32:59] ✅ VPN 已连接
[2026-03-03 22:33:59] ✅ VPN 已连接
[2026-03-03 22:34:59] ✅ VPN 已连接
[2026-03-03 22:35:59] ✅ VPN 已连接
[2026-03-03 22:36:59] ✅ VPN 已连接
[2026-03-03 22:37:59] ✅ VPN 已连接
[2026-03-03 22:38:59] ✅ VPN 已连接
[2026-03-03 22:40:00] ✅ VPN 已连接
[2026-03-03 22:41:00] ✅ VPN 已连接
[2026-03-03 22:42:00] ✅ VPN 已连接
[2026-03-03 22:43:00] ✅ VPN 已连接
[2026-03-03 22:44:00] ✅ VPN 已连接
[2026-03-03 22:45:00] ✅ VPN 已连接
[2026-03-03 22:46:00] ✅ VPN 已连接
[2026-03-03 22:47:00] ✅ VPN 已连接
[2026-03-03 22:48:00] ✅ VPN 已连接
[2026-03-03 22:49:00] ✅ VPN 已连接
[2026-03-03 22:50:00] ✅ VPN 已连接
[2026-03-03 22:51:00] ✅ VPN 已连接
[2026-03-03 22:52:00] ✅ VPN 已连接
[2026-03-03 22:53:00] ✅ VPN 已连接
[2026-03-03 22:54:00] ✅ VPN 已连接
[2026-03-03 22:55:00] ✅ VPN 已连接
[2026-03-03 22:56:00] ✅ VPN 已连接
[2026-03-03 22:57:01] ✅ VPN 已连接
[2026-03-03 22:58:01] ✅ VPN 已连接
[2026-03-03 22:59:01] ❌ VPN 未连接，触发重连...
[2026-03-03 22:59:01] ========== VPN 重连开始 ==========
[2026-03-03 22:59:01] 尝试 1/3...
[2026-03-03 22:59:01] 启动 FortiClient GUI...
[2026-03-03 22:59:01] FortiClient 已在运行，先关闭...
[2026-03-03 22:59:06] ❌ FortiClient GUI 启动失败
[2026-03-03 22:59:06] 重试 1 失败：无法启动 FortiClient
[2026-03-03 22:59:16] 尝试 2/3...
[2026-03-03 22:59:16] 启动 FortiClient GUI...
[2026-03-03 22:59:19] ❌ FortiClient GUI 启动失败
[2026-03-03 22:59:19] 重试 2 失败：无法启动 FortiClient
[2026-03-03 22:59:29] 尝试 3/3...
[2026-03-03 22:59:29] 启动 FortiClient GUI...
[2026-03-03 22:59:32] ❌ FortiClient GUI 启动失败
[2026-03-03 22:59:32] 重试 3 失败：无法启动 FortiClient
[2026-03-03 22:59:42] ❌ VPN 重连失败（已尝试 3 次）
[2026-03-03 22:59:42] ========== VPN 重连失败 ==========
[2026-03-03 23:00:42] ❌ VPN 未连接，触发重连...
[2026-03-03 23:00:42] ========== VPN 重连开始 ==========
[2026-03-03 23:00:42] 尝试 1/3...
[2026-03-03 23:00:42] 启动 FortiClient GUI...
[2026-03-03 23:00:45] ❌ FortiClient GUI 启动失败
[2026-03-03 23:00:45] 重试 1 失败：无法启动 FortiClient
[2026-03-03 23:00:55] 尝试 2/3...
[2026-03-03 23:00:55] 启动 FortiClient GUI...
[2026-03-03 23:00:55] FortiClient 已在运行，先关闭...
[2026-03-03 23:01:00] ❌ FortiClient GUI 启动失败
[2026-03-03 23:01:00] 重试 2 失败：无法启动 FortiClient
[2026-03-03 23:01:10] 尝试 3/3...
[2026-03-03 23:01:10] 启动 FortiClient GUI...
[2026-03-03 23:01:13] ❌ FortiClient GUI 启动失败
[2026-03-03 23:01:13] 重试 3 失败：无法启动 FortiClient
[2026-03-03 23:01:23] ❌ VPN 重连失败（已尝试 3 次）
[2026-03-03 23:01:23] ========== VPN 重连失败 ==========
[2026-03-03 23:02:23] ❌ VPN 未连接，触发重连...
[2026-03-03 23:02:23] ========== VPN 重连开始 ==========
[2026-03-03 23:02:23] 尝试 1/3...
[2026-03-03 23:02:23] 启动 FortiClient GUI...
[2026-03-03 23:02:26] ❌ FortiClient GUI 启动失败
[2026-03-03 23:02:26] 重试 1 失败：无法启动 FortiClient
[2026-03-03 23:02:36] 尝试 2/3...
[2026-03-03 23:02:36] 启动 FortiClient GUI...
[2026-03-03 23:02:39] ❌ FortiClient GUI 启动失败
[2026-03-03 23:02:39] 重试 2 失败：无法启动 FortiClient
[2026-03-03 23:02:49] 尝试 3/3...
[2026-03-03 23:02:49] 启动 FortiClient GUI...
[2026-03-03 23:02:52] ❌ FortiClient GUI 启动失败
[2026-03-03 23:02:52] 重试 3 失败：无法启动 FortiClient
[2026-03-03 23:03:02] ❌ VPN 重连失败（已尝试 3 次）
[2026-03-03 23:03:02] ========== VPN 重连失败 ==========
[2026-03-03 23:04:02] ✅ VPN 已连接
[2026-03-03 23:05:02] ✅ VPN 已连接
[2026-03-03 23:06:02] ✅ VPN 已连接
[2026-03-03 23:07:03] ✅ VPN 已连接
[2026-03-03 23:08:03] ✅ VPN 已连接
[2026-03-03 23:09:03] ✅ VPN 已连接
[2026-03-03 23:10:03] ✅ VPN 已连接
[2026-03-03 23:11:03] ✅ VPN 已连接
[2026-03-03 23:12:03] ✅ VPN 已连接
[2026-03-03 23:13:03] ✅ VPN 已连接
[2026-03-03 23:14:03] ✅ VPN 已连接
[2026-03-03 23:15:03] ✅ VPN 已连接
[2026-03-03 23:16:03] ✅ VPN 已连接
[2026-03-03 23:17:03] ✅ VPN 已连接
[2026-03-03 23:18:03] ✅ VPN 已连接
[2026-03-03 23:19:03] ✅ VPN 已连接
[2026-03-03 23:20:03] ✅ VPN 已连接
[2026-03-03 23:21:03] ✅ VPN 已连接
[2026-03-03 23:22:03] ✅ VPN 已连接
[2026-03-03 23:23:04] ✅ VPN 已连接
[2026-03-03 23:24:04] ✅ VPN 已连接
[2026-03-03 23:25:04] ✅ VPN 已连接
[2026-03-03 23:26:04] ✅ VPN 已连接
[2026-03-03 23:27:04] ✅ VPN 已连接
[2026-03-03 23:28:04] ✅ VPN 已连接
[2026-03-03 23:29:04] ✅ VPN 已连接
[2026-03-03 23:30:04] ✅ VPN 已连接
[2026-03-03 23:31:04] ✅ VPN 已连接
[2026-03-03 23:32:04] ✅ VPN 已连接
[2026-03-03 23:33:04] ✅ VPN 已连接
[2026-03-03 23:34:04] ✅ VPN 已连接
[2026-03-03 23:35:04] ✅ VPN 已连接
[2026-03-03 23:36:04] ✅ VPN 已连接
[2026-03-03 23:37:04] ✅ VPN 已连接
[2026-03-03 23:38:04] ✅ VPN 已连接
[2026-03-03 23:39:05] ✅ VPN 已连接
[2026-03-03 23:40:05] ✅ VPN 已连接
[2026-03-03 23:41:05] ✅ VPN 已连接
[2026-03-03 23:42:05] ✅ VPN 已连接
[2026-03-03 23:43:05] ✅ VPN 已连接
[2026-03-03 23:44:05] ✅ VPN 已连接
[2026-03-03 23:45:05] ✅ VPN 已连接
[2026-03-03 23:46:05] ✅ VPN 已连接
[2026-03-03 23:47:05] ✅ VPN 已连接
[2026-03-03 23:48:05] ✅ VPN 已连接
[2026-03-03 23:49:05] ✅ VPN 已连接
[2026-03-03 23:50:05] ✅ VPN 已连接
[2026-03-03 23:51:05] ✅ VPN 已连接
[2026-03-03 23:52:05] ✅ VPN 已连接
[2026-03-03 23:53:06] ✅ VPN 已连接
[2026-03-03 23:54:06] ✅ VPN 已连接
[2026-03-03 23:55:06] ✅ VPN 已连接
[2026-03-03 23:56:06] ✅ VPN 已连接
[2026-03-03 23:57:06] ✅ VPN 已连接
[2026-03-03 23:58:06] ✅ VPN 已连接
[2026-03-03 23:59:06] ✅ VPN 已连接
[2026-03-04 00:00:06] ✅ VPN 已连接
